2022-01-26 23:00:03 INFO [con.out-Thread 78] [2022-01-26 23:00:03,908 ERROR BGJOB_BIG_2]sync mdm store to eas...
2022-01-26 23:00:30 INFO [con.out-Thread 78] [2022-01-26 23:00:30,036 ERROR BGJOB_BIG_2]成功导入组织单元DG1838001-德阳市旌阳区百货洋洋GXG[DG1838001]
2022-01-26 23:00:32 INFO [con.out-Thread 78] [2022-01-26 23:00:32,530 ERROR BGJOB_BIG_2]成功导入行政组织DG1838001-德阳市旌阳区百货洋洋GXG[DG1838001]
2022-01-26 23:00:34 INFO [con.out-Thread 78] [2022-01-26 23:00:34,248 ERROR BGJOB_BIG_2]成功导入成本中心DG1838001-德阳市旌阳区百货洋洋GXG[DG1838001]
2022-01-26 23:00:53 INFO [con.out-Thread 78] [2022-01-26 23:00:53,110 ERROR BGJOB_BIG_2]成功导入组织单元DJ3574001-宁波市慈溪市银泰百货JEANS[DJ3574001]
2022-01-26 23:00:53 INFO [con.out-Thread 78] [2022-01-26 23:00:53,674 ERROR BGJOB_BIG_2]成功导入行政组织DJ3574001-宁波市慈溪市银泰百货JEANS[DJ3574001]
2022-01-26 23:00:54 INFO [con.out-Thread 78] [2022-01-26 23:00:54,328 ERROR BGJOB_BIG_2]成功导入成本中心DJ3574001-宁波市慈溪市银泰百货JEANS[DJ3574001]
2022-01-26 23:00:54 INFO [con.out-Thread 78] [2022-01-26 23:00:54,814 ERROR BGJOB_BIG_2]成功导入组织单元DJ7575001-绍兴市柯桥区万达销品茂JEANS[DJ7575001]
2022-01-26 23:00:55 INFO [con.out-Thread 78] [2022-01-26 23:00:55,404 ERROR BGJOB_BIG_2]成功导入行政组织DJ7575001-绍兴市柯桥区万达销品茂JEANS[DJ7575001]
2022-01-26 23:00:55 INFO [con.out-Thread 78] [2022-01-26 23:00:55,987 ERROR BGJOB_BIG_2]成功导入成本中心DJ7575001-绍兴市柯桥区万达销品茂JEANS[DJ7575001]
2022-01-26 23:05:09 INFO [con.out-Thread 78] [2022-01-26 23:05:09,396 ERROR BGJOB_BIG_2]同步MDM店铺失败[店铺编码: J050302], 失败原因:店铺上级店铺不存在, 上级店铺MDM编码[DPJ513007]
2022-01-26 23:05:09 INFO [con.out-Thread 78] [2022-01-26 23:05:09,405 ERROR BGJOB_BIG_2]同步MDM店铺失败[店铺编码: J050404], 失败原因:店铺上级店铺不存在, 上级店铺MDM编码[DPJ512001]
2022-01-26 23:05:09 INFO [con.out-Thread 78] [2022-01-26 23:05:09,414 ERROR BGJOB_BIG_2]同步MDM店铺失败[店铺编码: 6281901], 失败原因:店铺上级店铺不存在, 上级店铺MDM编码[DPJ474001]
2022-01-26 23:05:09 INFO [con.out-Thread 78] [2022-01-26 23:05:09,423 ERROR BGJOB_BIG_2]同步MDM店铺失败[店铺编码: J050304], 失败原因:店铺上级店铺不存在, 上级店铺MDM编码[DPJ513002]
2022-01-26 23:05:09 INFO [con.out-Thread 78] [2022-01-26 23:05:09,431 ERROR BGJOB_BIG_2]同步MDM店铺失败[店铺编码: 2110802], 失败原因:店铺上级店铺不存在, 上级店铺MDM编码[DPG595004]
2022-01-26 23:05:09 INFO [con.out-Thread 78] [2022-01-26 23:05:09,441 ERROR BGJOB_BIG_2]同步MDM店铺失败[店铺编码: 2106401], 失败原因:店铺上级店铺不存在, 上级店铺MDM编码[DPG559001]
2022-01-26 23:05:09 INFO [con.out-Thread 78] [2022-01-26 23:05:09,450 ERROR BGJOB_BIG_2]同步MDM店铺失败[店铺编码: 2104702], 失败原因:店铺上级店铺不存在, 上级店铺MDM编码[DPG553007]
2022-01-26 23:05:09 INFO [con.out-Thread 78] [2022-01-26 23:05:09,461 ERROR BGJOB_BIG_2]同步MDM店铺失败[店铺编码: 2105901], 失败原因:店铺上级店铺不存在, 上级店铺MDM编码[DPG553006]
2022-01-26 23:05:09 INFO [con.out-Thread 78] [2022-01-26 23:05:09,474 ERROR BGJOB_BIG_2]同步MDM店铺失败[店铺编码: 5270104], 失败原因:店铺上级店铺不存在, 上级店铺MDM编码[DPJ311003]
2022-01-26 23:05:09 INFO [con.out-Thread 78] [2022-01-26 23:05:09,486 ERROR BGJOB_BIG_2]同步MDM店铺失败[店铺编码: 5050141], 失败原因:店铺上级店铺不存在, 上级店铺MDM编码[DPJ511006]
2022-01-26 23:05:09 INFO [con.out-Thread 78] [2022-01-26 23:05:09,497 ERROR BGJOB_BIG_2]同步MDM店铺失败[店铺编码: 5270102], 失败原因:店铺上级店铺不存在, 上级店铺MDM编码[DPJ311002]
2022-01-26 23:05:09 INFO [con.out-Thread 78] [2022-01-26 23:05:09,506 ERROR BGJOB_BIG_2]同步MDM店铺失败[店铺编码: 6050423], 失败原因:店铺上级店铺不存在, 上级店铺MDM编码[DPJ511001]
2022-01-26 23:05:09 INFO [con.out-Thread 78] [2022-01-26 23:05:09,515 ERROR BGJOB_BIG_2]同步MDM店铺失败[店铺编码: 4051901], 失败原因:店铺上级店铺不存在, 上级店铺MDM编码[DPK517001]
2022-01-26 23:05:09 INFO [con.out-Thread 78] [2022-01-26 23:05:09,524 ERROR BGJOB_BIG_2]同步MDM店铺失败[店铺编码: 2113301], 失败原因:店铺上级店铺不存在, 上级店铺MDM编码[DPG593002]
2022-01-26 23:05:09 INFO [con.out-Thread 78] [2022-01-26 23:05:09,533 ERROR BGJOB_BIG_2]同步MDM店铺失败[店铺编码: 1201020], 失败原因:店铺上级店铺不存在, 上级店铺MDM编码[DPG772004]
2022-01-26 23:05:09 INFO [con.out-Thread 78] [2022-01-26 23:05:09,543 ERROR BGJOB_BIG_2]同步MDM店铺失败[店铺编码: 2113302], 失败原因:店铺上级店铺不存在, 上级店铺MDM编码[DPG593003]
2022-01-26 23:05:09 INFO [con.out-Thread 78] [2022-01-26 23:05:09,555 ERROR BGJOB_BIG_2]同步MDM店铺失败[店铺编码: J150202], 失败原因:店铺上级店铺不存在, 上级店铺MDM编码[DPJ412001]
2022-01-26 23:05:09 INFO [con.out-Thread 78] [2022-01-26 23:05:09,566 ERROR BGJOB_BIG_2]同步MDM店铺失败[店铺编码: J060108], 失败原因:店铺上级店铺不存在, 上级店铺MDM编码[DPJ714001]
2022-01-26 23:05:09 INFO [con.out-Thread 78] [2022-01-26 23:05:09,576 ERROR BGJOB_BIG_2]同步MDM店铺失败[店铺编码: 2062802], 失败原因:店铺上级店铺不存在, 上级店铺MDM编码[DPG710003]
2022-01-26 23:05:09 INFO [con.out-Thread 78] [2022-01-26 23:05:09,585 ERROR BGJOB_BIG_2]同步MDM店铺失败[店铺编码: 2010562], 失败原因:店铺上级店铺不存在, 上级店铺MDM编码[DPG570005]
2022-01-26 23:05:09 INFO [con.out-Thread 78] [2022-01-26 23:05:09,598 ERROR BGJOB_BIG_2]同步MDM店铺失败[店铺编码: 2010563], 失败原因:店铺上级店铺不存在, 上级店铺MDM编码[DPG570007]
2022-01-26 23:05:09 INFO [con.out-Thread 78] [2022-01-26 23:05:09,610 ERROR BGJOB_BIG_2]同步MDM店铺失败[店铺编码: 1040110], 失败原因:店铺上级店铺不存在, 上级店铺MDM编码[DPG351008]
2022-01-26 23:05:09 INFO [con.out-Thread 78] [2022-01-26 23:05:09,621 ERROR BGJOB_BIG_2]同步MDM店铺失败[店铺编码: 6022301], 失败原因:店铺上级店铺不存在, 上级店铺MDM编码[DPJ797002]
2022-01-26 23:05:09 INFO [con.out-Thread 78] [2022-01-26 23:05:09,630 ERROR BGJOB_BIG_2]同步MDM店铺失败[店铺编码: 2062801], 失败原因:店铺上级店铺不存在, 上级店铺MDM编码[DPG710001]
2022-01-26 23:05:09 INFO [con.out-Thread 78] [2022-01-26 23:05:09,640 ERROR BGJOB_BIG_2]同步MDM店铺失败[店铺编码: 1040105], 失败原因:店铺上级店铺不存在, 上级店铺MDM编码[DPG351005]
2022-01-26 23:05:09 INFO [con.out-Thread 78] [2022-01-26 23:05:09,649 ERROR BGJOB_BIG_2]同步MDM店铺失败[店铺编码: 2275101], 失败原因:店铺上级店铺不存在, 上级店铺MDM编码[DPG317004]
2022-01-26 23:05:09 INFO [con.out-Thread 78] [2022-01-26 23:05:09,658 ERROR BGJOB_BIG_2]同步MDM店铺失败[店铺编码: 2015902], 失败原因:店铺上级店铺不存在, 上级店铺MDM编码[DPG579008]
2022-01-26 23:05:09 INFO [con.out-Thread 78] [2022-01-26 23:05:09,667 ERROR BGJOB_BIG_2]同步MDM店铺失败[店铺编码: 2274801], 失败原因:店铺上级店铺不存在, 上级店铺MDM编码[DPG317003]
2022-01-26 23:05:09 INFO [con.out-Thread 78] [2022-01-26 23:05:09,675 ERROR BGJOB_BIG_2]同步MDM店铺失败[店铺编码: 2273801], 失败原因:店铺上级店铺不存在, 上级店铺MDM编码[DPG317002]
2022-01-26 23:05:09 INFO [con.out-Thread 78] [2022-01-26 23:05:09,683 ERROR BGJOB_BIG_2]同步MDM店铺失败[店铺编码: 1040108], 失败原因:店铺上级店铺不存在, 上级店铺MDM编码[DPG351010]
2022-01-26 23:05:09 INFO [con.out-Thread 78] [2022-01-26 23:05:09,691 ERROR BGJOB_BIG_2]同步MDM店铺失败[店铺编码: 2015903], 失败原因:店铺上级店铺不存在, 上级店铺MDM编码[DPG579007]
2022-01-26 23:05:09 INFO [con.out-Thread 78] [2022-01-26 23:05:09,700 ERROR BGJOB_BIG_2]同步MDM店铺失败[店铺编码: 3080202], 失败原因:店铺上级店铺不存在, 上级店铺MDM编码[DPK743002]
2022-01-26 23:05:09 INFO [con.out-Thread 78] [2022-01-26 23:05:09,709 ERROR BGJOB_BIG_2]同步MDM店铺失败[店铺编码: 2015901], 失败原因:店铺上级店铺不存在, 上级店铺MDM编码[DPG579005]
2022-01-26 23:05:09 INFO [con.out-Thread 78] [2022-01-26 23:05:09,717 ERROR BGJOB_BIG_2]同步MDM店铺失败[店铺编码: 5290101], 失败原因:店铺上级店铺不存在, 上级店铺MDM编码[DPJ951006]
2022-01-26 23:05:09 INFO [con.out-Thread 78] [2022-01-26 23:05:09,726 ERROR BGJOB_BIG_2]同步MDM店铺失败[店铺编码: 4051004], 失败原因:店铺上级店铺不存在, 上级店铺MDM编码[DPK516001]
2022-01-26 23:05:09 INFO [con.out-Thread 78] [2022-01-26 23:05:09,735 ERROR BGJOB_BIG_2]同步MDM店铺失败[店铺编码: 5240133], 失败原因:店铺上级店铺不存在, 上级店铺MDM编码[DPJ531007]
2022-01-26 23:05:09 INFO [con.out-Thread 78] [2022-01-26 23:05:09,744 ERROR BGJOB_BIG_2]同步MDM店铺失败[店铺编码: 5290102], 失败原因:店铺上级店铺不存在, 上级店铺MDM编码[DPJ951007]
2022-01-26 23:05:09 INFO [con.out-Thread 78] [2022-01-26 23:05:09,753 ERROR BGJOB_BIG_2]同步MDM店铺失败[店铺编码: 2112704], 失败原因:店铺上级店铺不存在, 上级店铺MDM编码[DPG594004]
2022-01-26 23:05:09 INFO [con.out-Thread 78] [2022-01-26 23:05:09,761 ERROR BGJOB_BIG_2]同步MDM店铺失败[店铺编码: 5290103], 失败原因:店铺上级店铺不存在, 上级店铺MDM编码[DPJ951009]
2022-01-26 23:05:09 INFO [con.out-Thread 78] [2022-01-26 23:05:09,798 ERROR BGJOB_BIG_2]同步MDM店铺失败[店铺编码: 2112701], 失败原因:店铺上级店铺不存在, 上级店铺MDM编码[DPG594001]
2022-01-26 23:05:09 INFO [con.out-Thread 78] [2022-01-26 23:05:09,807 ERROR BGJOB_BIG_2]同步MDM店铺失败[店铺编码: 3150120], 失败原因:店铺上级店铺不存在, 上级店铺MDM编码[DPK024003]
2022-01-26 23:05:09 INFO [con.out-Thread 78] [2022-01-26 23:05:09,816 ERROR BGJOB_BIG_2]同步MDM店铺失败[店铺编码: 2112702], 失败原因:店铺上级店铺不存在, 上级店铺MDM编码[DPG594002]
2022-01-26 23:05:09 INFO [con.out-Thread 78] [2022-01-26 23:05:09,824 ERROR BGJOB_BIG_2]同步MDM店铺失败[店铺编码: 2063016], 失败原因:店铺上级店铺不存在, 上级店铺MDM编码[DPG716007]
2022-01-26 23:05:09 INFO [con.out-Thread 78] [2022-01-26 23:05:09,833 ERROR BGJOB_BIG_2]同步MDM店铺失败[店铺编码: 5280110], 失败原因:店铺上级店铺不存在, 上级店铺MDM编码[DPJ453004]
2022-01-26 23:05:09 INFO [con.out-Thread 78] [2022-01-26 23:05:09,842 ERROR BGJOB_BIG_2]同步MDM店铺失败[店铺编码: 3100324], 失败原因:店铺上级店铺不存在, 上级店铺MDM编码[DPK551006]
2022-01-26 23:05:09 INFO [con.out-Thread 78] [2022-01-26 23:05:09,851 ERROR BGJOB_BIG_2]同步MDM店铺失败[店铺编码: 3110105], 失败原因:店铺上级店铺不存在, 上级店铺MDM编码[DPK371010]
2022-01-26 23:05:09 INFO [con.out-Thread 78] [2022-01-26 23:05:09,860 ERROR BGJOB_BIG_2]同步MDM店铺失败[店铺编码: 1040115], 失败原因:店铺上级店铺不存在, 上级店铺MDM编码[DPG351001]
2022-01-26 23:05:09 INFO [con.out-Thread 78] [2022-01-26 23:05:09,873 ERROR BGJOB_BIG_2]同步MDM店铺失败[店铺编码: 3100305], 失败原因:店铺上级店铺不存在, 上级店铺MDM编码[DPK551011]
2022-01-26 23:05:09 INFO [con.out-Thread 78] [2022-01-26 23:05:09,882 ERROR BGJOB_BIG_2]同步MDM店铺失败[店铺编码: 7050115], 失败原因:店铺上级店铺不存在, 上级店铺MDM编码[DPY755011]
2022-01-26 23:05:09 INFO [con.out-Thread 78] [2022-01-26 23:05:09,890 ERROR BGJOB_BIG_2]同步MDM店铺失败[店铺编码: J010905], 失败原因:店铺上级店铺不存在, 上级店铺MDM编码[DPJ580001]
2022-01-26 23:05:09 INFO [con.out-Thread 78] [2022-01-26 23:05:09,900 ERROR BGJOB_BIG_2]同步MDM店铺失败[店铺编码: X270101], 失败原因:店铺上级店铺不存在, 上级店铺MDM编码[DPG335001]
2022-01-26 23:05:09 INFO [con.out-Thread 78] [2022-01-26 23:05:09,909 ERROR BGJOB_BIG_2]同步MDM店铺失败[店铺编码: 2112801], 失败原因:店铺上级店铺不存在, 上级店铺MDM编码[DPG593005]
2022-01-26 23:05:09 INFO [con.out-Thread 78] [2022-01-26 23:05:09,917 ERROR BGJOB_BIG_2]同步MDM店铺失败[店铺编码: 2161201], 失败原因:店铺上级店铺不存在, 上级店铺MDM编码[DPG917001]
2022-01-26 23:05:09 INFO [con.out-Thread 78] [2022-01-26 23:05:09,925 ERROR BGJOB_BIG_2]同步MDM店铺失败[店铺编码: 1250127], 失败原因:店铺上级店铺不存在, 上级店铺MDM编码[DPG454002]
2022-01-26 23:05:09 INFO [con.out-Thread 78] [2022-01-26 23:05:09,934 ERROR BGJOB_BIG_2]同步MDM店铺失败[店铺编码: 5050143], 失败原因:店铺上级店铺不存在, 上级店铺MDM编码[DPJ511007]
2022-01-26 23:05:09 INFO [con.out-Thread 78] [2022-01-26 23:05:09,943 ERROR BGJOB_BIG_2]同步MDM店铺失败[店铺编码: J050401], 失败原因:店铺上级店铺不存在, 上级店铺MDM编码[DPJ514008]
2022-01-26 23:05:09 INFO [con.out-Thread 78] [2022-01-26 23:05:09,951 ERROR BGJOB_BIG_2]同步MDM店铺失败[店铺编码: X270102], 失败原因:店铺上级店铺不存在, 上级店铺MDM编码[DPG335002]
2022-01-26 23:05:09 INFO [con.out-Thread 78] [2022-01-26 23:05:09,959 ERROR BGJOB_BIG_2]同步MDM店铺失败[店铺编码: 3110103], 失败原因:店铺上级店铺不存在, 上级店铺MDM编码[DPK374001]
2022-01-26 23:05:09 INFO [con.out-Thread 78] [2022-01-26 23:05:09,968 ERROR BGJOB_BIG_2]同步MDM店铺失败[店铺编码: 5180120], 失败原因:店铺上级店铺不存在, 上级店铺MDM编码[DPJ379002]
2022-01-26 23:05:09 INFO [con.out-Thread 78] [2022-01-26 23:05:09,976 ERROR BGJOB_BIG_2]同步MDM店铺失败[店铺编码: 2275004], 失败原因:店铺上级店铺不存在, 上级店铺MDM编码[DPG312007]
2022-01-26 23:05:09 INFO [con.out-Thread 78] [2022-01-26 23:05:09,985 ERROR BGJOB_BIG_2]同步MDM店铺失败[店铺编码: 7050116], 失败原因:店铺上级店铺不存在, 上级店铺MDM编码[DPY755007]
2022-01-26 23:05:09 INFO [con.out-Thread 78] [2022-01-26 23:05:09,994 ERROR BGJOB_BIG_2]同步MDM店铺失败[店铺编码: 7050117], 失败原因:店铺上级店铺不存在, 上级店铺MDM编码[DPY755008]
2022-01-26 23:05:10 INFO [con.out-Thread 78] [2022-01-26 23:05:10,003 ERROR BGJOB_BIG_2]同步MDM店铺失败[店铺编码: 2274901], 失败原因:店铺上级店铺不存在, 上级店铺MDM编码[DPG312003]
2022-01-26 23:05:10 INFO [con.out-Thread 78] [2022-01-26 23:05:10,012 ERROR BGJOB_BIG_2]同步MDM店铺失败[店铺编码: 2101004], 失败原因:店铺上级店铺不存在, 上级店铺MDM编码[DPG553009]
2022-01-26 23:05:10 INFO [con.out-Thread 78] [2022-01-26 23:05:10,020 ERROR BGJOB_BIG_2]同步MDM店铺失败[店铺编码: 2245401], 失败原因:店铺上级店铺不存在, 上级店铺MDM编码[DPG530001]
2022-01-26 23:05:10 INFO [con.out-Thread 78] [2022-01-26 23:05:10,029 ERROR BGJOB_BIG_2]同步MDM店铺失败[店铺编码: 5150135], 失败原因:店铺上级店铺不存在, 上级店铺MDM编码[DPJ351011]
2022-01-26 23:05:10 INFO [con.out-Thread 78] [2022-01-26 23:05:10,037 ERROR BGJOB_BIG_2]同步MDM店铺失败[店铺编码: 1250126], 失败原因:店铺上级店铺不存在, 上级店铺MDM编码[DPG453003]
2022-01-26 23:05:10 INFO [con.out-Thread 78] [2022-01-26 23:05:10,045 ERROR BGJOB_BIG_2]同步MDM店铺失败[店铺编码: 3050208], 失败原因:店铺上级店铺不存在, 上级店铺MDM编码[DPK519001]
2022-01-26 23:05:10 INFO [con.out-Thread 78] [2022-01-26 23:05:10,053 ERROR BGJOB_BIG_2]同步MDM店铺失败[店铺编码: 2063033], 失败原因:店铺上级店铺不存在, 上级店铺MDM编码[DPG745001]
2022-01-26 23:05:10 INFO [con.out-Thread 78] [2022-01-26 23:05:10,062 ERROR BGJOB_BIG_2]同步MDM店铺失败[店铺编码: 2063034], 失败原因:店铺上级店铺不存在, 上级店铺MDM编码[DPG745002]
2022-01-26 23:05:10 INFO [con.out-Thread 78] [2022-01-26 23:05:10,070 ERROR BGJOB_BIG_2]同步MDM店铺失败[店铺编码: 2112705], 失败原因:店铺上级店铺不存在, 上级店铺MDM编码[DPG594005]
2022-01-26 23:05:10 INFO [con.out-Thread 78] [2022-01-26 23:05:10,079 ERROR BGJOB_BIG_2]同步MDM店铺失败[店铺编码: 3050209], 失败原因:店铺上级店铺不存在, 上级店铺MDM编码[DPK519002]
2022-01-26 23:05:10 INFO [con.out-Thread 78] [2022-01-26 23:05:10,086 ERROR BGJOB_BIG_2]同步MDM店铺失败[店铺编码: 1250124], 失败原因:店铺上级店铺不存在, 上级店铺MDM编码[DPG453001]
2022-01-26 23:05:10 INFO [con.out-Thread 78] [2022-01-26 23:05:10,093 ERROR BGJOB_BIG_2]同步MDM店铺失败[店铺编码: 1250125], 失败原因:店铺上级店铺不存在, 上级店铺MDM编码[DPG453002]
2022-01-26 23:05:10 INFO [con.out-Thread 78] [2022-01-26 23:05:10,101 ERROR BGJOB_BIG_2]同步MDM店铺失败[店铺编码: 2063051], 失败原因:店铺上级店铺不存在, 上级店铺MDM编码[DPG717005]
2022-01-26 23:05:10 INFO [con.out-Thread 78] [2022-01-26 23:05:10,110 ERROR BGJOB_BIG_2]同步MDM店铺失败[店铺编码: X050404], 失败原因:店铺上级店铺不存在, 上级店铺MDM编码[DPG511004]
2022-01-26 23:05:10 INFO [con.out-Thread 78] [2022-01-26 23:05:10,118 ERROR BGJOB_BIG_2]同步MDM店铺失败[店铺编码: 1060145], 失败原因:店铺上级店铺不存在, 上级店铺MDM编码[DPG027004]
2022-01-26 23:05:10 INFO [con.out-Thread 78] [2022-01-26 23:05:10,126 ERROR BGJOB_BIG_2]同步MDM店铺失败[店铺编码: 2063048], 失败原因:店铺上级店铺不存在, 上级店铺MDM编码[DPG717002]
2022-01-26 23:05:10 INFO [con.out-Thread 78] [2022-01-26 23:05:10,135 ERROR BGJOB_BIG_2]同步MDM店铺失败[店铺编码: X050403], 失败原因:店铺上级店铺不存在, 上级店铺MDM编码[DPG511003]
2022-01-26 23:05:10 INFO [con.out-Thread 78] [2022-01-26 23:05:10,143 ERROR BGJOB_BIG_2]同步MDM店铺失败[店铺编码: 2063050], 失败原因:店铺上级店铺不存在, 上级店铺MDM编码[DPG717003]
2022-01-26 23:05:10 INFO [con.out-Thread 78] [2022-01-26 23:05:10,150 ERROR BGJOB_BIG_2]同步MDM店铺失败[店铺编码: X050402], 失败原因:店铺上级店铺不存在, 上级店铺MDM编码[DPG511002]
2022-01-26 23:05:10 INFO [con.out-Thread 78] [2022-01-26 23:05:10,158 ERROR BGJOB_BIG_2]同步MDM店铺失败[店铺编码: 2060414], 失败原因:店铺上级店铺不存在, 上级店铺MDM编码[DPG027009]
2022-01-26 23:05:10 INFO [con.out-Thread 78] [2022-01-26 23:05:10,166 ERROR BGJOB_BIG_2]同步MDM店铺失败[店铺编码: 6240501], 失败原因:店铺上级店铺不存在, 上级店铺MDM编码[DPJ537003]
2022-01-26 23:05:10 INFO [con.out-Thread 78] [2022-01-26 23:05:10,174 ERROR BGJOB_BIG_2]同步MDM店铺失败[店铺编码: K010805], 失败原因:店铺上级店铺不存在, 上级店铺MDM编码[DPK576004]
2022-01-26 23:05:10 INFO [con.out-Thread 78] [2022-01-26 23:05:10,180 ERROR BGJOB_BIG_2]同步MDM店铺失败[店铺编码: K010812], 失败原因:店铺上级店铺不存在, 上级店铺MDM编码[DPK576002]
2022-01-26 23:05:10 INFO [con.out-Thread 78] [2022-01-26 23:05:10,191 ERROR BGJOB_BIG_2]同步MDM店铺失败[店铺编码: X050401], 失败原因:店铺上级店铺不存在, 上级店铺MDM编码[DPG511001]
2022-01-26 23:05:10 INFO [con.out-Thread 78] [2022-01-26 23:05:10,200 ERROR BGJOB_BIG_2]同步MDM店铺失败[店铺编码: J050408], 失败原因:店铺上级店铺不存在, 上级店铺MDM编码[DPJ516002]
2022-01-26 23:05:10 INFO [con.out-Thread 78] [2022-01-26 23:05:10,210 ERROR BGJOB_BIG_2]同步MDM店铺失败[店铺编码: J050410], 失败原因:店铺上级店铺不存在, 上级店铺MDM编码[DPJ516003]
2022-01-26 23:05:10 INFO [con.out-Thread 78] [2022-01-26 23:05:10,220 ERROR BGJOB_BIG_2]同步MDM店铺失败[店铺编码: 5270103], 失败原因:店铺上级店铺不存在, 上级店铺MDM编码[DPJ310001]
2022-01-26 23:05:10 INFO [con.out-Thread 78] [2022-01-26 23:05:10,230 ERROR BGJOB_BIG_2]同步MDM店铺失败[店铺编码: 4052101], 失败原因:店铺上级店铺不存在, 上级店铺MDM编码[DPK527001]
2022-01-26 23:05:10 INFO [con.out-Thread 78] [2022-01-26 23:05:10,240 ERROR BGJOB_BIG_2]同步MDM店铺失败[店铺编码: 4052102], 失败原因:店铺上级店铺不存在, 上级店铺MDM编码[DPK527002]
2022-01-26 23:05:10 INFO [con.out-Thread 78] [2022-01-26 23:05:10,250 ERROR BGJOB_BIG_2]同步MDM店铺失败[店铺编码: 5020207], 失败原因:店铺上级店铺不存在, 上级店铺MDM编码[DPJ793002]
2022-01-26 23:05:10 INFO [con.out-Thread 78] [2022-01-26 23:05:10,259 ERROR BGJOB_BIG_2]同步MDM店铺失败[店铺编码: 2060416], 失败原因:店铺上级店铺不存在, 上级店铺MDM编码[DPG027014]
2022-01-26 23:05:10 INFO [con.out-Thread 78] [2022-01-26 23:05:10,267 ERROR BGJOB_BIG_2]同步MDM店铺失败[店铺编码: 5020206], 失败原因:店铺上级店铺不存在, 上级店铺MDM编码[DPJ798002]
2022-01-26 23:05:10 INFO [con.out-Thread 78] [2022-01-26 23:05:10,276 ERROR BGJOB_BIG_2]同步MDM店铺失败[店铺编码: 2060417], 失败原因:店铺上级店铺不存在, 上级店铺MDM编码[DPG027017]
2022-01-26 23:05:10 INFO [con.out-Thread 78] [2022-01-26 23:05:10,286 ERROR BGJOB_BIG_2]同步MDM店铺失败[店铺编码: 4051002], 失败原因:店铺上级店铺不存在, 上级店铺MDM编码[DPK518005]
2022-01-26 23:05:10 INFO [con.out-Thread 78] [2022-01-26 23:05:10,296 ERROR BGJOB_BIG_2]同步MDM店铺失败[店铺编码: 4051001], 失败原因:店铺上级店铺不存在, 上级店铺MDM编码[DPK518004]
2022-01-26 23:05:10 INFO [con.out-Thread 78] [2022-01-26 23:05:10,305 ERROR BGJOB_BIG_2]同步MDM店铺失败[店铺编码: 2231501], 失败原因:店铺上级店铺不存在, 上级店铺MDM编码[DPG902001]
2022-01-26 23:05:10 INFO [con.out-Thread 78] [2022-01-26 23:05:10,315 ERROR BGJOB_BIG_2]同步MDM店铺失败[店铺编码: 4050901], 失败原因:店铺上级店铺不存在, 上级店铺MDM编码[DPK523002]
2022-01-26 23:05:10 INFO [con.out-Thread 78] [2022-01-26 23:05:10,324 ERROR BGJOB_BIG_2]同步MDM店铺失败[店铺编码: 1151027], 失败原因:店铺上级店铺不存在, 上级店铺MDM编码[DPG417005]
2022-01-26 23:05:10 INFO [con.out-Thread 78] [2022-01-26 23:05:10,335 ERROR BGJOB_BIG_2]同步MDM店铺失败[店铺编码: K010807], 失败原因:店铺上级店铺不存在, 上级店铺MDM编码[DPK576006]
2022-01-26 23:05:10 INFO [con.out-Thread 78] [2022-01-26 23:05:10,345 ERROR BGJOB_BIG_2]同步MDM店铺失败[店铺编码: 4050902], 失败原因:店铺上级店铺不存在, 上级店铺MDM编码[DPK523003]
2022-01-26 23:05:10 INFO [con.out-Thread 78] [2022-01-26 23:05:10,355 ERROR BGJOB_BIG_2]同步MDM店铺失败[店铺编码: K010806], 失败原因:店铺上级店铺不存在, 上级店铺MDM编码[DPK576005]
2022-01-26 23:05:10 INFO [con.out-Thread 78] [2022-01-26 23:05:10,365 ERROR BGJOB_BIG_2]同步MDM店铺失败[店铺编码: 4050903], 失败原因:店铺上级店铺不存在, 上级店铺MDM编码[DPK523004]
2022-01-26 23:05:10 INFO [con.out-Thread 78] [2022-01-26 23:05:10,375 ERROR BGJOB_BIG_2]同步MDM店铺失败[店铺编码: 4050904], 失败原因:店铺上级店铺不存在, 上级店铺MDM编码[DPK523005]
2022-01-26 23:05:10 INFO [con.out-Thread 78] [2022-01-26 23:05:10,385 ERROR BGJOB_BIG_2]同步MDM店铺失败[店铺编码: K010808], 失败原因:店铺上级店铺不存在, 上级店铺MDM编码[DPK576007]
2022-01-26 23:05:10 INFO [con.out-Thread 78] [2022-01-26 23:05:10,395 ERROR BGJOB_BIG_2]同步MDM店铺失败[店铺编码: 1410211], 失败原因:店铺上级店铺不存在, 上级店铺MDM编码[DPG769005]
2022-01-26 23:05:10 INFO [con.out-Thread 78] [2022-01-26 23:05:10,405 ERROR BGJOB_BIG_2]同步MDM店铺失败[店铺编码: 3170139], 失败原因:店铺上级店铺不存在, 上级店铺MDM编码[DPK769001]
2022-01-26 23:05:10 INFO [con.out-Thread 78] [2022-01-26 23:05:10,415 ERROR BGJOB_BIG_2]同步MDM店铺失败[店铺编码: 2246501], 失败原因:店铺上级店铺不存在, 上级店铺MDM编码[DPG536003]
2022-01-26 23:05:10 INFO [con.out-Thread 78] [2022-01-26 23:05:10,424 ERROR BGJOB_BIG_2]同步MDM店铺失败[店铺编码: 2104602], 失败原因:店铺上级店铺不存在, 上级店铺MDM编码[DPG558016]
2022-01-26 23:05:10 INFO [con.out-Thread 78] [2022-01-26 23:05:10,435 ERROR BGJOB_BIG_2]同步MDM店铺失败[店铺编码: 2060426], 失败原因:店铺上级店铺不存在, 上级店铺MDM编码[DPG027028]
2022-01-26 23:05:10 INFO [con.out-Thread 78] [2022-01-26 23:05:10,445 ERROR BGJOB_BIG_2]同步MDM店铺失败[店铺编码: 2063002], 失败原因:店铺上级店铺不存在, 上级店铺MDM编码[DPG718003]
2022-01-26 23:05:10 INFO [con.out-Thread 78] [2022-01-26 23:05:10,455 ERROR BGJOB_BIG_2]同步MDM店铺失败[店铺编码: 2060420], 失败原因:店铺上级店铺不存在, 上级店铺MDM编码[DPG027020]
2022-01-26 23:05:10 INFO [con.out-Thread 78] [2022-01-26 23:05:10,464 ERROR BGJOB_BIG_2]同步MDM店铺失败[店铺编码: 5280102], 失败原因:店铺上级店铺不存在, 上级店铺MDM编码[DPJ452005]
2022-01-26 23:05:10 INFO [con.out-Thread 78] [2022-01-26 23:05:10,473 ERROR BGJOB_BIG_2]同步MDM店铺失败[店铺编码: 6010358], 失败原因:店铺上级店铺不存在, 上级店铺MDM编码[DPJ571031]
2022-01-26 23:05:10 INFO [con.out-Thread 78] [2022-01-26 23:05:10,484 ERROR BGJOB_BIG_2]同步MDM店铺失败[店铺编码: 1190204], 失败原因:店铺上级店铺不存在, 上级店铺MDM编码[DPG755047]
2022-01-26 23:05:10 INFO [con.out-Thread 78] [2022-01-26 23:05:10,493 ERROR BGJOB_BIG_2]同步MDM店铺失败[店铺编码: 2106010], 失败原因:店铺上级店铺不存在, 上级店铺MDM编码[DPG395003]
2022-01-26 23:05:10 INFO [con.out-Thread 78] [2022-01-26 23:05:10,503 ERROR BGJOB_BIG_2]同步MDM店铺失败[店铺编码: X190103], 失败原因:店铺上级店铺不存在, 上级店铺MDM编码[DPG756002]
2022-01-26 23:05:10 INFO [con.out-Thread 78] [2022-01-26 23:05:10,513 ERROR BGJOB_BIG_2]同步MDM店铺失败[店铺编码: 2063031], 失败原因:店铺上级店铺不存在, 上级店铺MDM编码[DPG714005]
2022-01-26 23:05:10 INFO [con.out-Thread 78] [2022-01-26 23:05:10,522 ERROR BGJOB_BIG_2]同步MDM店铺失败[店铺编码: 2230131], 失败原因:店铺上级店铺不存在, 上级店铺MDM编码[DPG999007]
2022-01-26 23:05:10 INFO [con.out-Thread 78] [2022-01-26 23:05:10,532 ERROR BGJOB_BIG_2]同步MDM店铺失败[店铺编码: 2063601], 失败原因:店铺上级店铺不存在, 上级店铺MDM编码[DPG714004]
2022-01-26 23:05:10 INFO [con.out-Thread 78] [2022-01-26 23:05:10,541 ERROR BGJOB_BIG_2]同步MDM店铺失败[店铺编码: 2105402], 失败原因:店铺上级店铺不存在, 上级店铺MDM编码[DPG563007]
2022-01-26 23:05:10 INFO [con.out-Thread 78] [2022-01-26 23:05:10,550 ERROR BGJOB_BIG_2]同步MDM店铺失败[店铺编码: 1410207], 失败原因:店铺上级店铺不存在, 上级店铺MDM编码[DPG769011]
2022-01-26 23:05:10 INFO [con.out-Thread 78] [2022-01-26 23:05:10,560 ERROR BGJOB_BIG_2]同步MDM店铺失败[店铺编码: J010807], 失败原因:店铺上级店铺不存在, 上级店铺MDM编码[DPJ573006]
2022-01-26 23:05:10 INFO [con.out-Thread 78] [2022-01-26 23:05:10,570 ERROR BGJOB_BIG_2]同步MDM店铺失败[店铺编码: 2230127], 失败原因:店铺上级店铺不存在, 上级店铺MDM编码[DPG999004]
2022-01-26 23:05:10 INFO [con.out-Thread 78] [2022-01-26 23:05:10,579 ERROR BGJOB_BIG_2]同步MDM店铺失败[店铺编码: 2231302], 失败原因:店铺上级店铺不存在, 上级店铺MDM编码[DPG999002]
2022-01-26 23:05:10 INFO [con.out-Thread 78] [2022-01-26 23:05:10,588 ERROR BGJOB_BIG_2]同步MDM店铺失败[店铺编码: J010803], 失败原因:店铺上级店铺不存在, 上级店铺MDM编码[DPJ573003]
2022-01-26 23:05:10 INFO [con.out-Thread 78] [2022-01-26 23:05:10,598 ERROR BGJOB_BIG_2]同步MDM店铺失败[店铺编码: J010808], 失败原因:店铺上级店铺不存在, 上级店铺MDM编码[DPJ573007]
2022-01-26 23:05:10 INFO [con.out-Thread 78] [2022-01-26 23:05:10,608 ERROR BGJOB_BIG_2]同步MDM店铺失败[店铺编码: 2024401], 失败原因:店铺上级店铺不存在, 上级店铺MDM编码[DPG798001]
2022-01-26 23:05:10 INFO [con.out-Thread 78] [2022-01-26 23:05:10,618 ERROR BGJOB_BIG_2]同步MDM店铺失败[店铺编码: 2023701], 失败原因:店铺上级店铺不存在, 上级店铺MDM编码[DPG798002]
2022-01-26 23:05:10 INFO [con.out-Thread 78] [2022-01-26 23:05:10,626 ERROR BGJOB_BIG_2]同步MDM店铺失败[店铺编码: X150201], 失败原因:店铺上级店铺不存在, 上级店铺MDM编码[DPG419001]
2022-01-26 23:05:10 INFO [con.out-Thread 78] [2022-01-26 23:05:10,635 ERROR BGJOB_BIG_2]同步MDM店铺失败[店铺编码: 2106004], 失败原因:店铺上级店铺不存在, 上级店铺MDM编码[DPG558009]
2022-01-26 23:05:10 INFO [con.out-Thread 78] [2022-01-26 23:05:10,643 ERROR BGJOB_BIG_2]同步MDM店铺失败[店铺编码: 1150537], 失败原因:店铺上级店铺不存在, 上级店铺MDM编码[DPG433002]
2022-01-26 23:05:10 INFO [con.out-Thread 78] [2022-01-26 23:05:10,652 ERROR BGJOB_BIG_2]同步MDM店铺失败[店铺编码: 2105001], 失败原因:店铺上级店铺不存在, 上级店铺MDM编码[DPG558002]
2022-01-26 23:05:10 INFO [con.out-Thread 78] [2022-01-26 23:05:10,660 ERROR BGJOB_BIG_2]同步MDM店铺失败[店铺编码: 2247401], 失败原因:店铺上级店铺不存在, 上级店铺MDM编码[DPG537006]
2022-01-26 23:05:10 INFO [con.out-Thread 78] [2022-01-26 23:05:10,669 ERROR BGJOB_BIG_2]同步MDM店铺失败[店铺编码: 2245001], 失败原因:店铺上级店铺不存在, 上级店铺MDM编码[DPG532005]
2022-01-26 23:05:10 INFO [con.out-Thread 78] [2022-01-26 23:05:10,678 ERROR BGJOB_BIG_2]同步MDM店铺失败[店铺编码: 1190202], 失败原因:店铺上级店铺不存在, 上级店铺MDM编码[DPG755034]
2022-01-26 23:05:10 INFO [con.out-Thread 78] [2022-01-26 23:05:10,687 ERROR BGJOB_BIG_2]同步MDM店铺失败[店铺编码: Y190101], 失败原因:店铺上级店铺不存在, 上级店铺MDM编码[DPY752002]
2022-01-26 23:05:10 INFO [con.out-Thread 78] [2022-01-26 23:05:10,695 ERROR BGJOB_BIG_2]同步MDM店铺失败[店铺编码: 2110155], 失败原因:店铺上级店铺不存在, 上级店铺MDM编码[DPG595007]
2022-01-26 23:05:10 INFO [con.out-Thread 78] [2022-01-26 23:05:10,703 ERROR BGJOB_BIG_2]同步MDM店铺失败[店铺编码: 2130603], 失败原因:店铺上级店铺不存在, 上级店铺MDM编码[DPG023011]
2022-01-26 23:05:10 INFO [con.out-Thread 78] [2022-01-26 23:05:10,711 ERROR BGJOB_BIG_2]同步MDM店铺失败[店铺编码: 2113001], 失败原因:店铺上级店铺不存在, 上级店铺MDM编码[DPG595006]
2022-01-26 23:05:10 INFO [con.out-Thread 78] [2022-01-26 23:05:10,720 ERROR BGJOB_BIG_2]同步MDM店铺失败[店铺编码: 2112402], 失败原因:店铺上级店铺不存在, 上级店铺MDM编码[DPG595009]
2022-01-26 23:05:10 INFO [con.out-Thread 78] [2022-01-26 23:05:10,728 ERROR BGJOB_BIG_2]同步MDM店铺失败[店铺编码: 2190212], 失败原因:店铺上级店铺不存在, 上级店铺MDM编码[DPG595008]
2022-01-26 23:05:10 INFO [con.out-Thread 78] [2022-01-26 23:05:10,736 ERROR BGJOB_BIG_2]同步MDM店铺失败[店铺编码: 7110103], 失败原因:店铺上级店铺不存在, 上级店铺MDM编码[DPY027001]
2022-01-26 23:05:10 INFO [con.out-Thread 78] [2022-01-26 23:05:10,745 ERROR BGJOB_BIG_2]同步MDM店铺失败[店铺编码: 4012509], 失败原因:店铺上级店铺不存在, 上级店铺MDM编码[DPK580001]
2022-01-26 23:05:10 INFO [con.out-Thread 78] [2022-01-26 23:05:10,755 ERROR BGJOB_BIG_2]同步MDM店铺失败[店铺编码: 3010513], 失败原因:店铺上级店铺不存在, 上级店铺MDM编码[DPK577001]
2022-01-26 23:05:10 INFO [con.out-Thread 78] [2022-01-26 23:05:10,763 ERROR BGJOB_BIG_2]同步MDM店铺失败[店铺编码: 4012507], 失败原因:店铺上级店铺不存在, 上级店铺MDM编码[DPK580002]
2022-01-26 23:05:10 INFO [con.out-Thread 78] [2022-01-26 23:05:10,772 ERROR BGJOB_BIG_2]同步MDM店铺失败[店铺编码: 2245501], 失败原因:店铺上级店铺不存在, 上级店铺MDM编码[DPG537002]
2022-01-26 23:05:10 INFO [con.out-Thread 78] [2022-01-26 23:05:10,781 ERROR BGJOB_BIG_2]同步MDM店铺失败[店铺编码: 2250101], 失败原因:店铺上级店铺不存在, 上级店铺MDM编码[DPG456002]
2022-01-26 23:05:10 INFO [con.out-Thread 78] [2022-01-26 23:05:10,791 ERROR BGJOB_BIG_2]同步MDM店铺失败[店铺编码: 4012508], 失败原因:店铺上级店铺不存在, 上级店铺MDM编码[DPK580003]
2022-01-26 23:05:10 INFO [con.out-Thread 78] [2022-01-26 23:05:10,799 ERROR BGJOB_BIG_2]同步MDM店铺失败[店铺编码: 2245502], 失败原因:店铺上级店铺不存在, 上级店铺MDM编码[DPG537003]
2022-01-26 23:05:10 INFO [con.out-Thread 78] [2022-01-26 23:05:10,809 ERROR BGJOB_BIG_2]同步MDM店铺失败[店铺编码: 2063045], 失败原因:店铺上级店铺不存在, 上级店铺MDM编码[DPG722006]
2022-01-26 23:05:10 INFO [con.out-Thread 78] [2022-01-26 23:05:10,818 ERROR BGJOB_BIG_2]同步MDM店铺失败[店铺编码: 3010129], 失败原因:店铺上级店铺不存在, 上级店铺MDM编码[DPK574027]
2022-01-26 23:05:10 INFO [con.out-Thread 78] [2022-01-26 23:05:10,827 ERROR BGJOB_BIG_2]同步MDM店铺失败[店铺编码: 2016603], 失败原因:店铺上级店铺不存在, 上级店铺MDM编码[DPG575013]
2022-01-26 23:05:10 INFO [con.out-Thread 78] [2022-01-26 23:05:10,837 ERROR BGJOB_BIG_2]同步MDM店铺失败[店铺编码: 2016601], 失败原因:店铺上级店铺不存在, 上级店铺MDM编码[DPG575014]
2022-01-26 23:05:10 INFO [con.out-Thread 78] [2022-01-26 23:05:10,846 ERROR BGJOB_BIG_2]同步MDM店铺失败[店铺编码: X010213], 失败原因:店铺上级店铺不存在, 上级店铺MDM编码[DPG572002]
2022-01-26 23:05:10 INFO [con.out-Thread 78] [2022-01-26 23:05:10,857 ERROR BGJOB_BIG_2]同步MDM店铺失败[店铺编码: 2016604], 失败原因:店铺上级店铺不存在, 上级店铺MDM编码[DPG575015]
2022-01-26 23:05:10 INFO [con.out-Thread 78] [2022-01-26 23:05:10,867 ERROR BGJOB_BIG_2]同步MDM店铺失败[店铺编码: 6282101], 失败原因:店铺上级店铺不存在, 上级店铺MDM编码[DPJ478001]
2022-01-26 23:05:10 INFO [con.out-Thread 78] [2022-01-26 23:05:10,876 ERROR BGJOB_BIG_2]同步MDM店铺失败[店铺编码: 2016602], 失败原因:店铺上级店铺不存在, 上级店铺MDM编码[DPG575016]
2022-01-26 23:05:10 INFO [con.out-Thread 78] [2022-01-26 23:05:10,887 ERROR BGJOB_BIG_2]同步MDM店铺失败[店铺编码: 6060411], 失败原因:店铺上级店铺不存在, 上级店铺MDM编码[DPJ718005]
2022-01-26 23:05:10 INFO [con.out-Thread 78] [2022-01-26 23:05:10,897 ERROR BGJOB_BIG_2]同步MDM店铺失败[店铺编码: J010902], 失败原因:店铺上级店铺不存在, 上级店铺MDM编码[DPJ574018]
2022-01-26 23:05:10 INFO [con.out-Thread 78] [2022-01-26 23:05:10,907 ERROR BGJOB_BIG_2]同步MDM店铺失败[店铺编码: 1120115], 失败原因:店铺上级店铺不存在, 上级店铺MDM编码[DPG028024]
2022-01-26 23:05:10 INFO [con.out-Thread 78] [2022-01-26 23:05:10,917 ERROR BGJOB_BIG_2]同步MDM店铺失败[店铺编码: 1190190], 失败原因:店铺上级店铺不存在, 上级店铺MDM编码[DPG755020]
2022-01-26 23:05:10 INFO [con.out-Thread 78] [2022-01-26 23:05:10,926 ERROR BGJOB_BIG_2]同步MDM店铺失败[店铺编码: 1120127], 失败原因:店铺上级店铺不存在, 上级店铺MDM编码[DPG028029]
2022-01-26 23:05:10 INFO [con.out-Thread 78] [2022-01-26 23:05:10,935 ERROR BGJOB_BIG_2]同步MDM店铺失败[店铺编码: K160302], 失败原因:店铺上级店铺不存在, 上级店铺MDM编码[DPK916001]
2022-01-26 23:05:10 INFO [con.out-Thread 78] [2022-01-26 23:05:10,944 ERROR BGJOB_BIG_2]同步MDM店铺失败[店铺编码: 2106049], 失败原因:店铺上级店铺不存在, 上级店铺MDM编码[DPG371004]
2022-01-26 23:05:10 INFO [con.out-Thread 78] [2022-01-26 23:05:10,953 ERROR BGJOB_BIG_2]同步MDM店铺失败[店铺编码: 2106050], 失败原因:店铺上级店铺不存在, 上级店铺MDM编码[DPG371005]
2022-01-26 23:05:10 INFO [con.out-Thread 78] [2022-01-26 23:05:10,962 ERROR BGJOB_BIG_2]同步MDM店铺失败[店铺编码: 2106047], 失败原因:店铺上级店铺不存在, 上级店铺MDM编码[DPG371002]
2022-01-26 23:05:10 INFO [con.out-Thread 78] [2022-01-26 23:05:10,971 ERROR BGJOB_BIG_2]同步MDM店铺失败[店铺编码: X010610], 失败原因:店铺上级店铺不存在, 上级店铺MDM编码[DPG573017]
2022-01-26 23:05:10 INFO [con.out-Thread 78] [2022-01-26 23:05:10,979 ERROR BGJOB_BIG_2]同步MDM店铺失败[店铺编码: 2106048], 失败原因:店铺上级店铺不存在, 上级店铺MDM编码[DPG371003]
2022-01-26 23:05:10 INFO [con.out-Thread 78] [2022-01-26 23:05:10,989 ERROR BGJOB_BIG_2]同步MDM店铺失败[店铺编码: X190202], 失败原因:店铺上级店铺不存在, 上级店铺MDM编码[DPG759002]
2022-01-26 23:05:10 INFO [con.out-Thread 78] [2022-01-26 23:05:10,998 ERROR BGJOB_BIG_2]同步MDM店铺失败[店铺编码: 2106051], 失败原因:店铺上级店铺不存在, 上级店铺MDM编码[DPG371006]
2022-01-26 23:05:11 INFO [con.out-Thread 78] [2022-01-26 23:05:11,007 ERROR BGJOB_BIG_2]同步MDM店铺失败[店铺编码: J010903], 失败原因:店铺上级店铺不存在, 上级店铺MDM编码[DPJ574022]
2022-01-26 23:05:11 INFO [con.out-Thread 78] [2022-01-26 23:05:11,015 ERROR BGJOB_BIG_2]同步MDM店铺失败[店铺编码: 3010803], 失败原因:店铺上级店铺不存在, 上级店铺MDM编码[DPK574031]
2022-01-26 23:05:11 INFO [con.out-Thread 78] [2022-01-26 23:05:11,024 ERROR BGJOB_BIG_2]同步MDM店铺失败[店铺编码: 3240102], 失败原因:店铺上级店铺不存在, 上级店铺MDM编码[DPK532004]
2022-01-26 23:05:11 INFO [con.out-Thread 78] [2022-01-26 23:05:11,032 ERROR BGJOB_BIG_2]同步MDM店铺失败[店铺编码: 1250144], 失败原因:店铺上级店铺不存在, 上级店铺MDM编码[DPG459011]
2022-01-26 23:05:11 INFO [con.out-Thread 78] [2022-01-26 23:05:11,041 ERROR BGJOB_BIG_2]同步MDM店铺失败[店铺编码: J060111], 失败原因:店铺上级店铺不存在, 上级店铺MDM编码[DPJ717006]
2022-01-26 23:05:11 INFO [con.out-Thread 78] [2022-01-26 23:05:11,049 ERROR BGJOB_BIG_2]同步MDM店铺失败[店铺编码: J010904], 失败原因:店铺上级店铺不存在, 上级店铺MDM编码[DPJ574020]
2022-01-26 23:05:11 INFO [con.out-Thread 78] [2022-01-26 23:05:11,058 ERROR BGJOB_BIG_2]同步MDM店铺失败[店铺编码: 2274001], 失败原因:店铺上级店铺不存在, 上级店铺MDM编码[DPG315002]
2022-01-26 23:05:11 INFO [con.out-Thread 78] [2022-01-26 23:05:11,066 ERROR BGJOB_BIG_2]同步MDM店铺失败[店铺编码: J010901], 失败原因:店铺上级店铺不存在, 上级店铺MDM编码[DPJ574021]
2022-01-26 23:05:11 INFO [con.out-Thread 78] [2022-01-26 23:05:11,075 ERROR BGJOB_BIG_2]同步MDM店铺失败[店铺编码: 2274002], 失败原因:店铺上级店铺不存在, 上级店铺MDM编码[DPG315003]
2022-01-26 23:05:11 INFO [con.out-Thread 78] [2022-01-26 23:05:11,084 ERROR BGJOB_BIG_2]同步MDM店铺失败[店铺编码: 1190201], 失败原因:店铺上级店铺不存在, 上级店铺MDM编码[DPG755018]
2022-01-26 23:05:11 INFO [con.out-Thread 78] [2022-01-26 23:05:11,093 ERROR BGJOB_BIG_2]同步MDM店铺失败[店铺编码: 1190187], 失败原因:店铺上级店铺不存在, 上级店铺MDM编码[DPG755017]
2022-01-26 23:05:11 INFO [con.out-Thread 78] [2022-01-26 23:05:11,102 ERROR BGJOB_BIG_2]同步MDM店铺失败[店铺编码: 6101001], 失败原因:店铺上级店铺不存在, 上级店铺MDM编码[DPJ558003]
2022-01-26 23:05:11 INFO [con.out-Thread 78] [2022-01-26 23:05:11,110 ERROR BGJOB_BIG_2]同步MDM店铺失败[店铺编码: 1010702], 失败原因:店铺上级店铺不存在, 上级店铺MDM编码[DPG572015]
2022-01-26 23:05:11 INFO [con.out-Thread 78] [2022-01-26 23:05:11,118 ERROR BGJOB_BIG_2]同步MDM店铺失败[店铺编码: 3210124], 失败原因:店铺上级店铺不存在, 上级店铺MDM编码[DPK931002]
2022-01-26 23:05:11 INFO [con.out-Thread 78] [2022-01-26 23:05:11,128 ERROR BGJOB_BIG_2]同步MDM店铺失败[店铺编码: J190101], 失败原因:店铺上级店铺不存在, 上级店铺MDM编码[DPJ756003]
2022-01-26 23:05:11 INFO [con.out-Thread 78] [2022-01-26 23:05:11,138 ERROR BGJOB_BIG_2]同步MDM店铺失败[店铺编码: X120207], 失败原因:店铺上级店铺不存在, 上级店铺MDM编码[DPG028015]
2022-01-26 23:05:11 INFO [con.out-Thread 78] [2022-01-26 23:05:11,148 ERROR BGJOB_BIG_2]同步MDM店铺失败[店铺编码: X010609], 失败原因:店铺上级店铺不存在, 上级店铺MDM编码[DPG573013]
2022-01-26 23:05:11 INFO [con.out-Thread 78] [2022-01-26 23:05:11,157 ERROR BGJOB_BIG_2]同步MDM店铺失败[店铺编码: 2060297], 失败原因:店铺上级店铺不存在, 上级店铺MDM编码[DPG719003]
2022-01-26 23:05:11 INFO [con.out-Thread 78] [2022-01-26 23:05:11,165 ERROR BGJOB_BIG_2]同步MDM店铺失败[店铺编码: X010611], 失败原因:店铺上级店铺不存在, 上级店铺MDM编码[DPG573014]
2022-01-26 23:05:11 INFO [con.out-Thread 78] [2022-01-26 23:05:11,173 ERROR BGJOB_BIG_2]同步MDM店铺失败[店铺编码: X010612], 失败原因:店铺上级店铺不存在, 上级店铺MDM编码[DPG573015]
2022-01-26 23:05:11 INFO [con.out-Thread 78] [2022-01-26 23:05:11,182 ERROR BGJOB_BIG_2]同步MDM店铺失败[店铺编码: 6014101], 失败原因:店铺上级店铺不存在, 上级店铺MDM编码[DPJ577011]
2022-01-26 23:05:11 INFO [con.out-Thread 78] [2022-01-26 23:05:11,191 ERROR BGJOB_BIG_2]同步MDM店铺失败[店铺编码: 5010304], 失败原因:店铺上级店铺不存在, 上级店铺MDM编码[DPJ571013]
2022-01-26 23:05:11 INFO [con.out-Thread 78] [2022-01-26 23:05:11,200 ERROR BGJOB_BIG_2]同步MDM店铺失败[店铺编码: 1290103], 失败原因:店铺上级店铺不存在, 上级店铺MDM编码[DPG951010]
2022-01-26 23:05:11 INFO [con.out-Thread 78] [2022-01-26 23:05:11,208 ERROR BGJOB_BIG_2]同步MDM店铺失败[店铺编码: X010613], 失败原因:店铺上级店铺不存在, 上级店铺MDM编码[DPG573016]
2022-01-26 23:05:11 INFO [con.out-Thread 78] [2022-01-26 23:05:11,215 ERROR BGJOB_BIG_2]同步MDM店铺失败[店铺编码: 2246601], 失败原因:店铺上级店铺不存在, 上级店铺MDM编码[DPG531003]
2022-01-26 23:05:11 INFO [con.out-Thread 78] [2022-01-26 23:05:11,224 ERROR BGJOB_BIG_2]同步MDM店铺失败[店铺编码: 2015801], 失败原因:店铺上级店铺不存在, 上级店铺MDM编码[DPG577010]
2022-01-26 23:05:11 INFO [con.out-Thread 78] [2022-01-26 23:05:11,234 ERROR BGJOB_BIG_2]同步MDM店铺失败[店铺编码: X010605], 失败原因:店铺上级店铺不存在, 上级店铺MDM编码[DPG573006]
2022-01-26 23:05:11 INFO [con.out-Thread 78] [2022-01-26 23:05:11,245 ERROR BGJOB_BIG_2]同步MDM店铺失败[店铺编码: 1250142], 失败原因:店铺上级店铺不存在, 上级店铺MDM编码[DPG459007]
2022-01-26 23:05:11 INFO [con.out-Thread 78] [2022-01-26 23:05:11,254 ERROR BGJOB_BIG_2]同步MDM店铺失败[店铺编码: 3050902], 失败原因:店铺上级店铺不存在, 上级店铺MDM编码[DPK515003]
2022-01-26 23:05:11 INFO [con.out-Thread 78] [2022-01-26 23:05:11,262 ERROR BGJOB_BIG_2]同步MDM店铺失败[店铺编码: 2015804], 失败原因:店铺上级店铺不存在, 上级店铺MDM编码[DPG577012]
2022-01-26 23:05:11 INFO [con.out-Thread 78] [2022-01-26 23:05:11,270 ERROR BGJOB_BIG_2]同步MDM店铺失败[店铺编码: X010607], 失败原因:店铺上级店铺不存在, 上级店铺MDM编码[DPG573009]
2022-01-26 23:05:11 INFO [con.out-Thread 78] [2022-01-26 23:05:11,281 ERROR BGJOB_BIG_2]同步MDM店铺失败[店铺编码: 6013205], 失败原因:店铺上级店铺不存在, 上级店铺MDM编码[DPJ571020]
2022-01-26 23:05:11 INFO [con.out-Thread 78] [2022-01-26 23:05:11,290 ERROR BGJOB_BIG_2]同步MDM店铺失败[店铺编码: 7010301], 失败原因:店铺上级店铺不存在, 上级店铺MDM编码[DPY577003]
2022-01-26 23:05:11 INFO [con.out-Thread 78] [2022-01-26 23:05:11,297 ERROR BGJOB_BIG_2]同步MDM店铺失败[店铺编码: 2060296], 失败原因:店铺上级店铺不存在, 上级店铺MDM编码[DPG719004]
2022-01-26 23:05:11 INFO [con.out-Thread 78] [2022-01-26 23:05:11,306 ERROR BGJOB_BIG_2]同步MDM店铺失败[店铺编码: 2015803], 失败原因:店铺上级店铺不存在, 上级店铺MDM编码[DPG577011]
2022-01-26 23:05:11 INFO [con.out-Thread 78] [2022-01-26 23:05:11,349 ERROR BGJOB_BIG_2]同步MDM店铺失败[店铺编码: 2016903], 失败原因:店铺上级店铺不存在, 上级店铺MDM编码[DPG574020]
2022-01-26 23:05:11 INFO [con.out-Thread 78] [2022-01-26 23:05:11,360 ERROR BGJOB_BIG_2]同步MDM店铺失败[店铺编码: 3050901], 失败原因:店铺上级店铺不存在, 上级店铺MDM编码[DPK515002]
2022-01-26 23:05:11 INFO [con.out-Thread 78] [2022-01-26 23:05:11,370 ERROR BGJOB_BIG_2]同步MDM店铺失败[店铺编码: 2106027], 失败原因:店铺上级店铺不存在, 上级店铺MDM编码[DPG379001]
2022-01-26 23:05:11 INFO [con.out-Thread 78] [2022-01-26 23:05:11,379 ERROR BGJOB_BIG_2]同步MDM店铺失败[店铺编码: 6014102], 失败原因:店铺上级店铺不存在, 上级店铺MDM编码[DPJ577008]
2022-01-26 23:05:11 INFO [con.out-Thread 78] [2022-01-26 23:05:11,390 ERROR BGJOB_BIG_2]同步MDM店铺失败[店铺编码: 1151045], 失败原因:店铺上级店铺不存在, 上级店铺MDM编码[DPG411003]
2022-01-26 23:05:11 INFO [con.out-Thread 78] [2022-01-26 23:05:11,400 ERROR BGJOB_BIG_2]同步MDM店铺失败[店铺编码: 6014104], 失败原因:店铺上级店铺不存在, 上级店铺MDM编码[DPJ577007]
2022-01-26 23:05:11 INFO [con.out-Thread 78] [2022-01-26 23:05:11,409 ERROR BGJOB_BIG_2]同步MDM店铺失败[店铺编码: J010311], 失败原因:店铺上级店铺不存在, 上级店铺MDM编码[DPJ572013]
2022-01-26 23:05:11 INFO [con.out-Thread 78] [2022-01-26 23:05:11,420 ERROR BGJOB_BIG_2]同步MDM店铺失败[店铺编码: 4230210], 失败原因:店铺上级店铺不存在, 上级店铺MDM编码[DPK991003]
2022-01-26 23:05:11 INFO [con.out-Thread 78] [2022-01-26 23:05:11,429 ERROR BGJOB_BIG_2]同步MDM店铺失败[店铺编码: 2016001], 失败原因:店铺上级店铺不存在, 上级店铺MDM编码[DPG577017]
2022-01-26 23:05:11 INFO [con.out-Thread 78] [2022-01-26 23:05:11,438 ERROR BGJOB_BIG_2]同步MDM店铺失败[店铺编码: J010907], 失败原因:店铺上级店铺不存在, 上级店铺MDM编码[DPJ574033]
2022-01-26 23:05:11 INFO [con.out-Thread 78] [2022-01-26 23:05:11,447 ERROR BGJOB_BIG_2]同步MDM店铺失败[店铺编码: J010906], 失败原因:店铺上级店铺不存在, 上级店铺MDM编码[DPJ574034]
2022-01-26 23:05:11 INFO [con.out-Thread 78] [2022-01-26 23:05:11,456 ERROR BGJOB_BIG_2]同步MDM店铺失败[店铺编码: 4230203], 失败原因:店铺上级店铺不存在, 上级店铺MDM编码[DPK991006]
2022-01-26 23:05:11 INFO [con.out-Thread 78] [2022-01-26 23:05:11,465 ERROR BGJOB_BIG_2]同步MDM店铺失败[店铺编码: X010216], 失败原因:店铺上级店铺不存在, 上级店铺MDM编码[DPG572006]
2022-01-26 23:05:11 INFO [con.out-Thread 78] [2022-01-26 23:05:11,474 ERROR BGJOB_BIG_2]同步MDM店铺失败[店铺编码: 2106026], 失败原因:店铺上级店铺不存在, 上级店铺MDM编码[DPG379002]
2022-01-26 23:05:11 INFO [con.out-Thread 78] [2022-01-26 23:05:11,485 ERROR BGJOB_BIG_2]同步MDM店铺失败[店铺编码: X010211], 失败原因:店铺上级店铺不存在, 上级店铺MDM编码[DPG572005]
2022-01-26 23:05:11 INFO [con.out-Thread 78] [2022-01-26 23:05:11,495 ERROR BGJOB_BIG_2]同步MDM店铺失败[店铺编码: 2012103], 失败原因:店铺上级店铺不存在, 上级店铺MDM编码[DPG572008]
2022-01-26 23:05:11 INFO [con.out-Thread 78] [2022-01-26 23:05:11,505 ERROR BGJOB_BIG_2]同步MDM店铺失败[店铺编码: 1250143], 失败原因:店铺上级店铺不存在, 上级店铺MDM编码[DPG459002]
2022-01-26 23:05:11 INFO [con.out-Thread 78] [2022-01-26 23:05:11,516 ERROR BGJOB_BIG_2]同步MDM店铺失败[店铺编码: 3010403], 失败原因:店铺上级店铺不存在, 上级店铺MDM编码[DPK574024]
2022-01-26 23:05:11 INFO [con.out-Thread 78] [2022-01-26 23:05:11,524 ERROR BGJOB_BIG_2]同步MDM店铺失败[店铺编码: 1190191], 失败原因:店铺上级店铺不存在, 上级店铺MDM编码[DPG755009]
2022-01-26 23:05:11 INFO [con.out-Thread 78] [2022-01-26 23:05:11,533 ERROR BGJOB_BIG_2]同步MDM店铺失败[店铺编码: 1190186], 失败原因:店铺上级店铺不存在, 上级店铺MDM编码[DPG755008]
2022-01-26 23:05:11 INFO [con.out-Thread 78] [2022-01-26 23:05:11,542 ERROR BGJOB_BIG_2]同步MDM店铺失败[店铺编码: X050903], 失败原因:店铺上级店铺不存在, 上级店铺MDM编码[DPG514003]
2022-01-26 23:05:11 INFO [con.out-Thread 78] [2022-01-26 23:05:11,550 ERROR BGJOB_BIG_2]同步MDM店铺失败[店铺编码: 2100262], 失败原因:店铺上级店铺不存在, 上级店铺MDM编码[DPG551011]
2022-01-26 23:05:11 INFO [con.out-Thread 78] [2022-01-26 23:05:11,559 ERROR BGJOB_BIG_2]同步MDM店铺失败[店铺编码: 2055104], 失败原因:店铺上级店铺不存在, 上级店铺MDM编码[DPG514002]
2022-01-26 23:05:11 INFO [con.out-Thread 78] [2022-01-26 23:05:11,569 ERROR BGJOB_BIG_2]同步MDM店铺失败[店铺编码: 1190197], 失败原因:店铺上级店铺不存在, 上级店铺MDM编码[DPG755004]
2022-01-26 23:05:11 INFO [con.out-Thread 78] [2022-01-26 23:05:11,579 ERROR BGJOB_BIG_2]同步MDM店铺失败[店铺编码: X010604], 失败原因:店铺上级店铺不存在, 上级店铺MDM编码[DPG573005]
2022-01-26 23:05:11 INFO [con.out-Thread 78] [2022-01-26 23:05:11,589 ERROR BGJOB_BIG_2]同步MDM店铺失败[店铺编码: 1190192], 失败原因:店铺上级店铺不存在, 上级店铺MDM编码[DPG755003]
2022-01-26 23:05:11 INFO [con.out-Thread 78] [2022-01-26 23:05:11,600 ERROR BGJOB_BIG_2]同步MDM店铺失败[店铺编码: 2010625], 失败原因:店铺上级店铺不存在, 上级店铺MDM编码[DPG576009]
2022-01-26 23:05:11 INFO [con.out-Thread 78] [2022-01-26 23:05:11,611 ERROR BGJOB_BIG_2]同步MDM店铺失败[店铺编码: J010201], 失败原因:店铺上级店铺不存在, 上级店铺MDM编码[DPJ576002]
2022-01-26 23:05:11 INFO [con.out-Thread 78] [2022-01-26 23:05:11,621 ERROR BGJOB_BIG_2]同步MDM店铺失败[店铺编码: K160303], 失败原因:店铺上级店铺不存在, 上级店铺MDM编码[DPK029006]
2022-01-26 23:05:11 INFO [con.out-Thread 78] [2022-01-26 23:05:11,632 ERROR BGJOB_BIG_2]同步MDM店铺失败[店铺编码: 7050202], 失败原因:店铺上级店铺不存在, 上级店铺MDM编码[DPY020001]
2022-01-26 23:05:11 INFO [con.out-Thread 78] [2022-01-26 23:05:11,643 ERROR BGJOB_BIG_2]同步MDM店铺失败[店铺编码: 4012503], 失败原因:店铺上级店铺不存在, 上级店铺MDM编码[DPK573013]
2022-01-26 23:05:11 INFO [con.out-Thread 78] [2022-01-26 23:05:11,651 ERROR BGJOB_BIG_2]同步MDM店铺失败[店铺编码: 4012502], 失败原因:店铺上级店铺不存在, 上级店铺MDM编码[DPK573016]
2022-01-26 23:05:11 INFO [con.out-Thread 78] [2022-01-26 23:05:11,660 ERROR BGJOB_BIG_2]同步MDM店铺失败[店铺编码: 5120101], 失败原因:店铺上级店铺不存在, 上级店铺MDM编码[DPJ028011]
2022-01-26 23:05:11 INFO [con.out-Thread 78] [2022-01-26 23:05:11,671 ERROR BGJOB_BIG_2]同步MDM店铺失败[店铺编码: 4012501], 失败原因:店铺上级店铺不存在, 上级店铺MDM编码[DPK573018]
2022-01-26 23:05:11 INFO [con.out-Thread 78] [2022-01-26 23:05:11,682 ERROR BGJOB_BIG_2]同步MDM店铺失败[店铺编码: 4012504], 失败原因:店铺上级店铺不存在, 上级店铺MDM编码[DPK573017]
2022-01-26 23:05:11 INFO [con.out-Thread 78] [2022-01-26 23:05:11,694 ERROR BGJOB_BIG_2]同步MDM店铺失败[店铺编码: J010309], 失败原因:店铺上级店铺不存在, 上级店铺MDM编码[DPJ572002]
2022-01-26 23:05:11 INFO [con.out-Thread 78] [2022-01-26 23:05:11,707 ERROR BGJOB_BIG_2]同步MDM店铺失败[店铺编码: 1150123], 失败原因:店铺上级店铺不存在, 上级店铺MDM编码[DPG427003]
2022-01-26 23:05:11 INFO [con.out-Thread 78] [2022-01-26 23:05:11,718 ERROR BGJOB_BIG_2]同步MDM店铺失败[店铺编码: 2231201], 失败原因:店铺上级店铺不存在, 上级店铺MDM编码[DPG993001]
2022-01-26 23:05:11 INFO [con.out-Thread 78] [2022-01-26 23:05:11,729 ERROR BGJOB_BIG_2]同步MDM店铺失败[店铺编码: 2015802], 失败原因:店铺上级店铺不存在, 上级店铺MDM编码[DPG577006]
2022-01-26 23:05:11 INFO [con.out-Thread 78] [2022-01-26 23:05:11,739 ERROR BGJOB_BIG_2]同步MDM店铺失败[店铺编码: 1120113], 失败原因:店铺上级店铺不存在, 上级店铺MDM编码[DPG028034]
2022-01-26 23:05:11 INFO [con.out-Thread 78] [2022-01-26 23:05:11,748 ERROR BGJOB_BIG_2]同步MDM店铺失败[店铺编码: 1120106], 失败原因:店铺上级店铺不存在, 上级店铺MDM编码[DPG028035]
2022-01-26 23:05:11 INFO [con.out-Thread 78] [2022-01-26 23:05:11,758 ERROR BGJOB_BIG_2]同步MDM店铺失败[店铺编码: J010310], 失败原因:店铺上级店铺不存在, 上级店铺MDM编码[DPJ572001]
2022-01-26 23:05:11 INFO [con.out-Thread 78] [2022-01-26 23:05:11,770 ERROR BGJOB_BIG_2]同步MDM店铺失败[店铺编码: 6022401], 失败原因:店铺上级店铺不存在, 上级店铺MDM编码[DPJ794003]
2022-01-26 23:05:11 INFO [con.out-Thread 78] [2022-01-26 23:05:11,781 ERROR BGJOB_BIG_2]同步MDM店铺失败[店铺编码: K060104], 失败原因:店铺上级店铺不存在, 上级店铺MDM编码[DPK718001]
2022-01-26 23:05:11 INFO [con.out-Thread 78] [2022-01-26 23:05:11,791 ERROR BGJOB_BIG_2]同步MDM店铺失败[店铺编码: 2246201], 失败原因:店铺上级店铺不存在, 上级店铺MDM编码[DPG539004]
2022-01-26 23:05:11 INFO [con.out-Thread 78] [2022-01-26 23:05:11,800 ERROR BGJOB_BIG_2]同步MDM店铺失败[店铺编码: X120162], 失败原因:店铺上级店铺不存在, 上级店铺MDM编码[DPG817001]
2022-01-26 23:05:11 INFO [con.out-Thread 78] [2022-01-26 23:05:11,810 ERROR BGJOB_BIG_2]同步MDM店铺失败[店铺编码: X150205], 失败原因:店铺上级店铺不存在, 上级店铺MDM编码[DPG024006]
2022-01-26 23:05:11 INFO [con.out-Thread 78] [2022-01-26 23:05:11,819 ERROR BGJOB_BIG_2]同步MDM店铺失败[店铺编码: 1120105], 失败原因:店铺上级店铺不存在, 上级店铺MDM编码[DPG028031]
2022-01-26 23:05:11 INFO [con.out-Thread 78] [2022-01-26 23:05:11,828 ERROR BGJOB_BIG_2]同步MDM店铺失败[店铺编码: 2063030], 失败原因:店铺上级店铺不存在, 上级店铺MDM编码[DPG728006]
2022-01-26 23:05:11 INFO [con.out-Thread 78] [2022-01-26 23:05:11,836 ERROR BGJOB_BIG_2]同步MDM店铺失败[店铺编码: 4051101], 失败原因:店铺上级店铺不存在, 上级店铺MDM编码[DPK512015]
2022-01-26 23:05:11 INFO [con.out-Thread 78] [2022-01-26 23:05:11,844 ERROR BGJOB_BIG_2]同步MDM店铺失败[店铺编码: 2106044], 失败原因:店铺上级店铺不存在, 上级店铺MDM编码[DPG371001]
2022-01-26 23:05:11 INFO [con.out-Thread 78] [2022-01-26 23:05:11,852 ERROR BGJOB_BIG_2]同步MDM店铺失败[店铺编码: 3320101], 失败原因:店铺上级店铺不存在, 上级店铺MDM编码[DPK029008]
2022-01-26 23:05:11 INFO [con.out-Thread 78] [2022-01-26 23:05:11,860 ERROR BGJOB_BIG_2]同步MDM店铺失败[店铺编码: 2055108], 失败原因:店铺上级店铺不存在, 上级店铺MDM编码[DPG516004]
2022-01-26 23:05:11 INFO [con.out-Thread 78] [2022-01-26 23:05:11,869 ERROR BGJOB_BIG_2]同步MDM店铺失败[店铺编码: 4051102], 失败原因:店铺上级店铺不存在, 上级店铺MDM编码[DPK512012]
2022-01-26 23:05:11 INFO [con.out-Thread 78] [2022-01-26 23:05:11,879 ERROR BGJOB_BIG_2]同步MDM店铺失败[店铺编码: X010304], 失败原因:店铺上级店铺不存在, 上级店铺MDM编码[DPG576007]
2022-01-26 23:05:11 INFO [con.out-Thread 78] [2022-01-26 23:05:11,890 ERROR BGJOB_BIG_2]同步MDM店铺失败[店铺编码: 2106057], 失败原因:店铺上级店铺不存在, 上级店铺MDM编码[DPG374008]
2022-01-26 23:05:11 INFO [con.out-Thread 78] [2022-01-26 23:05:11,899 ERROR BGJOB_BIG_2]同步MDM店铺失败[店铺编码: X010301], 失败原因:店铺上级店铺不存在, 上级店铺MDM编码[DPG576003]
2022-01-26 23:05:11 INFO [con.out-Thread 78] [2022-01-26 23:05:11,908 ERROR BGJOB_BIG_2]同步MDM店铺失败[店铺编码: X010302], 失败原因:店铺上级店铺不存在, 上级店铺MDM编码[DPG576004]
2022-01-26 23:05:11 INFO [con.out-Thread 78] [2022-01-26 23:05:11,917 ERROR BGJOB_BIG_2]同步MDM店铺失败[店铺编码: 3050903], 失败原因:店铺上级店铺不存在, 上级店铺MDM编码[DPK512009]
2022-01-26 23:05:11 INFO [con.out-Thread 78] [2022-01-26 23:05:11,927 ERROR BGJOB_BIG_2]同步MDM店铺失败[店铺编码: 2182101], 失败原因:店铺上级店铺不存在, 上级店铺MDM编码[DPG394001]
2022-01-26 23:05:11 INFO [con.out-Thread 78] [2022-01-26 23:05:11,936 ERROR BGJOB_BIG_2]同步MDM店铺失败[店铺编码: DG2021006], 失败原因:店铺上级店铺不存在, 上级店铺MDM编码[DPG021004]
2022-01-26 23:05:11 INFO [con.out-Thread 78] [2022-01-26 23:05:11,945 ERROR BGJOB_BIG_2]同步MDM店铺失败[店铺编码: 2245801], 失败原因:店铺上级店铺不存在, 上级店铺MDM编码[DPG633004]
2022-01-26 23:05:11 INFO [con.out-Thread 78] [2022-01-26 23:05:11,954 ERROR BGJOB_BIG_2]同步MDM店铺失败[店铺编码: 2106405], 失败原因:店铺上级店铺不存在, 上级店铺MDM编码[DPG796004]
2022-01-26 23:05:11 INFO [con.out-Thread 78] [2022-01-26 23:05:11,963 ERROR BGJOB_BIG_2]同步MDM店铺失败[店铺编码: 2010375], 失败原因:店铺上级店铺不存在, 上级店铺MDM编码[DPG571020]
2022-01-26 23:05:11 INFO [con.out-Thread 78] [2022-01-26 23:05:11,973 ERROR BGJOB_BIG_2]同步MDM店铺失败[店铺编码: 2010374], 失败原因:店铺上级店铺不存在, 上级店铺MDM编码[DPG571021]
2022-01-26 23:05:11 INFO [con.out-Thread 78] [2022-01-26 23:05:11,983 ERROR BGJOB_BIG_2]同步MDM店铺失败[店铺编码: 2245201], 失败原因:店铺上级店铺不存在, 上级店铺MDM编码[DPG635001]
2022-01-26 23:05:11 INFO [con.out-Thread 78] [2022-01-26 23:05:11,994 ERROR BGJOB_BIG_2]同步MDM店铺失败[店铺编码: 2245202], 失败原因:店铺上级店铺不存在, 上级店铺MDM编码[DPG635002]
2022-01-26 23:05:12 INFO [con.out-Thread 78] [2022-01-26 23:05:12,006 ERROR BGJOB_BIG_2]同步MDM店铺失败[店铺编码: 3100316], 失败原因:店铺上级店铺不存在, 上级店铺MDM编码[DPK563001]
2022-01-26 23:05:12 INFO [con.out-Thread 78] [2022-01-26 23:05:12,016 ERROR BGJOB_BIG_2]同步MDM店铺失败[店铺编码: K040404], 失败原因:店铺上级店铺不存在, 上级店铺MDM编码[DPK351001]
2022-01-26 23:05:12 INFO [con.out-Thread 78] [2022-01-26 23:05:12,027 ERROR BGJOB_BIG_2]同步MDM店铺失败[店铺编码: 1020108], 失败原因:店铺上级店铺不存在, 上级店铺MDM编码[DPG791006]
2022-01-26 23:05:12 INFO [con.out-Thread 78] [2022-01-26 23:05:12,036 ERROR BGJOB_BIG_2]同步MDM店铺失败[店铺编码: 1020106], 失败原因:店铺上级店铺不存在, 上级店铺MDM编码[DPG791005]
2022-01-26 23:05:12 INFO [con.out-Thread 78] [2022-01-26 23:05:12,045 ERROR BGJOB_BIG_2]同步MDM店铺失败[店铺编码: 1020107], 失败原因:店铺上级店铺不存在, 上级店铺MDM编码[DPG791008]
2022-01-26 23:05:12 INFO [con.out-Thread 78] [2022-01-26 23:05:12,054 ERROR BGJOB_BIG_2]同步MDM店铺失败[店铺编码: 1020109], 失败原因:店铺上级店铺不存在, 上级店铺MDM编码[DPG791009]
2022-01-26 23:05:12 INFO [con.out-Thread 78] [2022-01-26 23:05:12,064 ERROR BGJOB_BIG_2]同步MDM店铺失败[店铺编码: 6120804], 失败原因:店铺上级店铺不存在, 上级店铺MDM编码[DPJ831002]
2022-01-26 23:05:12 INFO [con.out-Thread 78] [2022-01-26 23:05:12,073 ERROR BGJOB_BIG_2]同步MDM店铺失败[店铺编码: 4170901], 失败原因:店铺上级店铺不存在, 上级店铺MDM编码[DPK631001]
2022-01-26 23:05:12 INFO [con.out-Thread 78] [2022-01-26 23:05:12,083 ERROR BGJOB_BIG_2]同步MDM店铺失败[店铺编码: 5180113], 失败原因:店铺上级店铺不存在, 上级店铺MDM编码[DPJ371011]
2022-01-26 23:05:12 INFO [con.out-Thread 78] [2022-01-26 23:05:12,092 ERROR BGJOB_BIG_2]同步MDM店铺失败[店铺编码: 3010604], 失败原因:店铺上级店铺不存在, 上级店铺MDM编码[DPK579007]
2022-01-26 23:05:12 INFO [con.out-Thread 78] [2022-01-26 23:05:12,101 ERROR BGJOB_BIG_2]同步MDM店铺失败[店铺编码: 7010120], 失败原因:店铺上级店铺不存在, 上级店铺MDM编码[DPY571005]
2022-01-26 23:05:12 INFO [con.out-Thread 78] [2022-01-26 23:05:12,111 ERROR BGJOB_BIG_2]同步MDM店铺失败[店铺编码: 5180111], 失败原因:店铺上级店铺不存在, 上级店铺MDM编码[DPJ371010]
2022-01-26 23:05:12 INFO [con.out-Thread 78] [2022-01-26 23:05:12,121 ERROR BGJOB_BIG_2]同步MDM店铺失败[店铺编码: 1150127], 失败原因:店铺上级店铺不存在, 上级店铺MDM编码[DPG024007]
2022-01-26 23:05:12 INFO [con.out-Thread 78] [2022-01-26 23:05:12,132 ERROR BGJOB_BIG_2]同步MDM店铺失败[店铺编码: 7010122], 失败原因:店铺上级店铺不存在, 上级店铺MDM编码[DPY571007]
2022-01-26 23:05:12 INFO [con.out-Thread 78] [2022-01-26 23:05:12,142 ERROR BGJOB_BIG_2]同步MDM店铺失败[店铺编码: 5210104], 失败原因:店铺上级店铺不存在, 上级店铺MDM编码[DPJ931006]
2022-01-26 23:05:12 INFO [con.out-Thread 78] [2022-01-26 23:05:12,151 ERROR BGJOB_BIG_2]同步MDM店铺失败[店铺编码: 1020112], 失败原因:店铺上级店铺不存在, 上级店铺MDM编码[DPG791013]
2022-01-26 23:05:12 INFO [con.out-Thread 78] [2022-01-26 23:05:12,161 ERROR BGJOB_BIG_2]同步MDM店铺失败[店铺编码: 1150543], 失败原因:店铺上级店铺不存在, 上级店铺MDM编码[DPG024008]
2022-01-26 23:05:12 INFO [con.out-Thread 78] [2022-01-26 23:05:12,172 ERROR BGJOB_BIG_2]同步MDM店铺失败[店铺编码: 1010184], 失败原因:店铺上级店铺不存在, 上级店铺MDM编码[DPG574077]
2022-01-26 23:05:12 INFO [con.out-Thread 78] [2022-01-26 23:05:12,182 ERROR BGJOB_BIG_2]同步MDM店铺失败[店铺编码: X050902], 失败原因:店铺上级店铺不存在, 上级店铺MDM编码[DPG512011]
2022-01-26 23:05:12 INFO [con.out-Thread 78] [2022-01-26 23:05:12,193 ERROR BGJOB_BIG_2]同步MDM店铺失败[店铺编码: X010501], 失败原因:店铺上级店铺不存在, 上级店铺MDM编码[DPG574075]
2022-01-26 23:05:12 INFO [con.out-Thread 78] [2022-01-26 23:05:12,203 ERROR BGJOB_BIG_2]同步MDM店铺失败[店铺编码: 1201041], 失败原因:店铺上级店铺不存在, 上级店铺MDM编码[DPG431003]
2022-01-26 23:05:12 INFO [con.out-Thread 78] [2022-01-26 23:05:12,212 ERROR BGJOB_BIG_2]同步MDM店铺失败[店铺编码: 1250117], 失败原因:店铺上级店铺不存在, 上级店铺MDM编码[DPG452004]
2022-01-26 23:05:12 INFO [con.out-Thread 78] [2022-01-26 23:05:12,221 ERROR BGJOB_BIG_2]同步MDM店铺失败[店铺编码: X010505], 失败原因:店铺上级店铺不存在, 上级店铺MDM编码[DPG574073]
2022-01-26 23:05:12 INFO [con.out-Thread 78] [2022-01-26 23:05:12,231 ERROR BGJOB_BIG_2]同步MDM店铺失败[店铺编码: 1250116], 失败原因:店铺上级店铺不存在, 上级店铺MDM编码[DPG452003]
2022-01-26 23:05:12 INFO [con.out-Thread 78] [2022-01-26 23:05:12,239 ERROR BGJOB_BIG_2]同步MDM店铺失败[店铺编码: 6120728], 失败原因:店铺上级店铺不存在, 上级店铺MDM编码[DPJ830002]
2022-01-26 23:05:12 INFO [con.out-Thread 78] [2022-01-26 23:05:12,250 ERROR BGJOB_BIG_2]同步MDM店铺失败[店铺编码: X160104], 失败原因:店铺上级店铺不存在, 上级店铺MDM编码[DPG029004]
2022-01-26 23:05:12 INFO [con.out-Thread 78] [2022-01-26 23:05:12,259 ERROR BGJOB_BIG_2]同步MDM店铺失败[店铺编码: 5080129], 失败原因:店铺上级店铺不存在, 上级店铺MDM编码[DPJ730003]
2022-01-26 23:05:12 INFO [con.out-Thread 78] [2022-01-26 23:05:12,268 ERROR BGJOB_BIG_2]同步MDM店铺失败[店铺编码: 1120129], 失败原因:店铺上级店铺不存在, 上级店铺MDM编码[DPG839002]
2022-01-26 23:05:12 INFO [con.out-Thread 78] [2022-01-26 23:05:12,277 ERROR BGJOB_BIG_2]同步MDM店铺失败[店铺编码: 2063041], 失败原因:店铺上级店铺不存在, 上级店铺MDM编码[DPG713002]
2022-01-26 23:05:12 INFO [con.out-Thread 78] [2022-01-26 23:05:12,288 ERROR BGJOB_BIG_2]同步MDM店铺失败[店铺编码: J010407], 失败原因:店铺上级店铺不存在, 上级店铺MDM编码[DPJ579017]
2022-01-26 23:05:12 INFO [con.out-Thread 78] [2022-01-26 23:05:12,297 ERROR BGJOB_BIG_2]同步MDM店铺失败[店铺编码: J010406], 失败原因:店铺上级店铺不存在, 上级店铺MDM编码[DPJ579018]
2022-01-26 23:05:12 INFO [con.out-Thread 78] [2022-01-26 23:05:12,306 ERROR BGJOB_BIG_2]同步MDM店铺失败[店铺编码: 5080128], 失败原因:店铺上级店铺不存在, 上级店铺MDM编码[DPJ730005]
2022-01-26 23:05:12 INFO [con.out-Thread 78] [2022-01-26 23:05:12,316 ERROR BGJOB_BIG_2]同步MDM店铺失败[店铺编码: 2063013], 失败原因:店铺上级店铺不存在, 上级店铺MDM编码[DPG713005]
2022-01-26 23:05:12 INFO [con.out-Thread 78] [2022-01-26 23:05:12,326 ERROR BGJOB_BIG_2]同步MDM店铺失败[店铺编码: 2015001], 失败原因:店铺上级店铺不存在, 上级店铺MDM编码[DPG571014]
2022-01-26 23:05:12 INFO [con.out-Thread 78] [2022-01-26 23:05:12,336 ERROR BGJOB_BIG_2]同步MDM店铺失败[店铺编码: 2015202], 失败原因:店铺上级店铺不存在, 上级店铺MDM编码[DPG571011]
2022-01-26 23:05:12 INFO [con.out-Thread 78] [2022-01-26 23:05:12,346 ERROR BGJOB_BIG_2]同步MDM店铺失败[店铺编码: 3180102], 失败原因:店铺上级店铺不存在, 上级店铺MDM编码[DPK591002]
2022-01-26 23:05:12 INFO [con.out-Thread 78] [2022-01-26 23:05:12,355 ERROR BGJOB_BIG_2]同步MDM店铺失败[店铺编码: 6110141], 失败原因:店铺上级店铺不存在, 上级店铺MDM编码[DPJ591006]
2022-01-26 23:05:12 INFO [con.out-Thread 78] [2022-01-26 23:05:12,363 ERROR BGJOB_BIG_2]同步MDM店铺失败[店铺编码: 3180103], 失败原因:店铺上级店铺不存在, 上级店铺MDM编码[DPK591003]
2022-01-26 23:05:12 INFO [con.out-Thread 78] [2022-01-26 23:05:12,373 ERROR BGJOB_BIG_2]同步MDM店铺失败[店铺编码: 5020209], 失败原因:店铺上级店铺不存在, 上级店铺MDM编码[DPJ792007]
2022-01-26 23:05:12 INFO [con.out-Thread 78] [2022-01-26 23:05:12,384 ERROR BGJOB_BIG_2]同步MDM店铺失败[店铺编码: 6014001], 失败原因:店铺上级店铺不存在, 上级店铺MDM编码[DPJ579010]
2022-01-26 23:05:12 INFO [con.out-Thread 78] [2022-01-26 23:05:12,393 ERROR BGJOB_BIG_2]同步MDM店铺失败[店铺编码: 7010124], 失败原因:店铺上级店铺不存在, 上级店铺MDM编码[DPY571011]
2022-01-26 23:05:12 INFO [con.out-Thread 78] [2022-01-26 23:05:12,403 ERROR BGJOB_BIG_2]同步MDM店铺失败[店铺编码: 7010123], 失败原因:店铺上级店铺不存在, 上级店铺MDM编码[DPY571010]
2022-01-26 23:05:12 INFO [con.out-Thread 78] [2022-01-26 23:05:12,412 ERROR BGJOB_BIG_2]同步MDM店铺失败[店铺编码: K010702], 失败原因:店铺上级店铺不存在, 上级店铺MDM编码[DPK572002]
2022-01-26 23:05:12 INFO [con.out-Thread 78] [2022-01-26 23:05:12,420 ERROR BGJOB_BIG_2]同步MDM店铺失败[店铺编码: 4051902], 失败原因:店铺上级店铺不存在, 上级店铺MDM编码[DPK514006]
2022-01-26 23:05:12 INFO [con.out-Thread 78] [2022-01-26 23:05:12,430 ERROR BGJOB_BIG_2]同步MDM店铺失败[店铺编码: K010701], 失败原因:店铺上级店铺不存在, 上级店铺MDM编码[DPK572001]
2022-01-26 23:05:12 INFO [con.out-Thread 78] [2022-01-26 23:05:12,440 ERROR BGJOB_BIG_2]同步MDM店铺失败[店铺编码: 1190205], 失败原因:店铺上级店铺不存在, 上级店铺MDM编码[DPG752001]
2022-01-26 23:05:12 INFO [con.out-Thread 78] [2022-01-26 23:05:12,449 ERROR BGJOB_BIG_2]同步MDM店铺失败[店铺编码: X160114], 失败原因:店铺上级店铺不存在, 上级店铺MDM编码[DPG029014]
2022-01-26 23:05:12 INFO [con.out-Thread 78] [2022-01-26 23:05:12,459 ERROR BGJOB_BIG_2]同步MDM店铺失败[店铺编码: K010703], 失败原因:店铺上级店铺不存在, 上级店铺MDM编码[DPK572003]
2022-01-26 23:05:12 INFO [con.out-Thread 78] [2022-01-26 23:05:12,468 ERROR BGJOB_BIG_2]同步MDM店铺失败[店铺编码: 4051903], 失败原因:店铺上级店铺不存在, 上级店铺MDM编码[DPK514007]
2022-01-26 23:05:12 INFO [con.out-Thread 78] [2022-01-26 23:05:12,477 ERROR BGJOB_BIG_2]同步MDM店铺失败[店铺编码: 1190206], 失败原因:店铺上级店铺不存在, 上级店铺MDM编码[DPG752003]
2022-01-26 23:05:12 INFO [con.out-Thread 78] [2022-01-26 23:05:12,487 ERROR BGJOB_BIG_2]同步MDM店铺失败[店铺编码: 4051103], 失败原因:店铺上级店铺不存在, 上级店铺MDM编码[DPK572005]
2022-01-26 23:05:12 INFO [con.out-Thread 78] [2022-01-26 23:05:12,498 ERROR BGJOB_BIG_2]同步MDM店铺失败[店铺编码: X150203], 失败原因:店铺上级店铺不存在, 上级店铺MDM编码[DPG412001]
2022-01-26 23:05:12 INFO [con.out-Thread 78] [2022-01-26 23:05:12,507 ERROR BGJOB_BIG_2]同步MDM店铺失败[店铺编码: 4052201], 失败原因:店铺上级店铺不存在, 上级店铺MDM编码[DPK513006]
2022-01-26 23:05:12 INFO [con.out-Thread 78] [2022-01-26 23:05:12,517 ERROR BGJOB_BIG_2]同步MDM店铺失败[店铺编码: X160110], 失败原因:店铺上级店铺不存在, 上级店铺MDM编码[DPG029010]
2022-01-26 23:05:12 INFO [con.out-Thread 78] [2022-01-26 23:05:12,526 ERROR BGJOB_BIG_2]同步MDM店铺失败[店铺编码: 1020115], 失败原因:店铺上级店铺不存在, 上级店铺MDM编码[DPG792003]
2022-01-26 23:05:12 INFO [con.out-Thread 78] [2022-01-26 23:05:12,536 ERROR BGJOB_BIG_2]同步MDM店铺失败[店铺编码: 1220102], 失败原因:店铺上级店铺不存在, 上级店铺MDM编码[DPG311005]
2022-01-26 23:05:12 INFO [con.out-Thread 78] [2022-01-26 23:05:12,545 ERROR BGJOB_BIG_2]同步MDM店铺失败[店铺编码: 1020116], 失败原因:店铺上级店铺不存在, 上级店铺MDM编码[DPG792001]
2022-01-26 23:05:12 INFO [con.out-Thread 78] [2022-01-26 23:05:12,554 ERROR BGJOB_BIG_2]同步MDM店铺失败[店铺编码: X150202], 失败原因:店铺上级店铺不存在, 上级店铺MDM编码[DPG412002]
2022-01-26 23:05:12 INFO [con.out-Thread 78] [2022-01-26 23:05:12,563 ERROR BGJOB_BIG_2]同步MDM店铺失败[店铺编码: 1201035], 失败原因:店铺上级店铺不存在, 上级店铺MDM编码[DPG773002]
2022-01-26 23:05:12 INFO [con.out-Thread 78] [2022-01-26 23:05:12,573 ERROR BGJOB_BIG_2]同步MDM店铺失败[店铺编码: 1220101], 失败原因:店铺上级店铺不存在, 上级店铺MDM编码[DPG311006]
2022-01-26 23:05:12 INFO [con.out-Thread 78] [2022-01-26 23:05:12,582 ERROR BGJOB_BIG_2]同步MDM店铺失败[店铺编码: 1220105], 失败原因:店铺上级店铺不存在, 上级店铺MDM编码[DPG311001]
2022-01-26 23:05:12 INFO [con.out-Thread 78] [2022-01-26 23:05:12,592 ERROR BGJOB_BIG_2]同步MDM店铺失败[店铺编码: 2270540], 失败原因:店铺上级店铺不存在, 上级店铺MDM编码[DPG472004]
2022-01-26 23:05:12 INFO [con.out-Thread 78] [2022-01-26 23:05:12,602 ERROR BGJOB_BIG_2]同步MDM店铺失败[店铺编码: 2270544], 失败原因:店铺上级店铺不存在, 上级店铺MDM编码[DPG472005]
2022-01-26 23:05:12 INFO [con.out-Thread 78] [2022-01-26 23:05:12,611 ERROR BGJOB_BIG_2]同步MDM店铺失败[店铺编码: X010412], 失败原因:店铺上级店铺不存在, 上级店铺MDM编码[DPG579023]
2022-01-26 23:05:12 INFO [con.out-Thread 78] [2022-01-26 23:05:12,620 ERROR BGJOB_BIG_2]同步MDM店铺失败[店铺编码: J050403], 失败原因:店铺上级店铺不存在, 上级店铺MDM编码[DPJ510002]
2022-01-26 23:05:12 INFO [con.out-Thread 78] [2022-01-26 23:05:12,629 ERROR BGJOB_BIG_2]同步MDM店铺失败[店铺编码: X010417], 失败原因:店铺上级店铺不存在, 上级店铺MDM编码[DPG579025]
2022-01-26 23:05:12 INFO [con.out-Thread 78] [2022-01-26 23:05:12,639 ERROR BGJOB_BIG_2]同步MDM店铺失败[店铺编码: X010413], 失败原因:店铺上级店铺不存在, 上级店铺MDM编码[DPG579024]
2022-01-26 23:05:12 INFO [con.out-Thread 78] [2022-01-26 23:05:12,648 ERROR BGJOB_BIG_2]同步MDM店铺失败[店铺编码: 2270542], 失败原因:店铺上级店铺不存在, 上级店铺MDM编码[DPG472001]
2022-01-26 23:05:12 INFO [con.out-Thread 78] [2022-01-26 23:05:12,656 ERROR BGJOB_BIG_2]同步MDM店铺失败[店铺编码: 6014201], 失败原因:店铺上级店铺不存在, 上级店铺MDM编码[DPJ579005]
2022-01-26 23:05:12 INFO [con.out-Thread 78] [2022-01-26 23:05:12,665 ERROR BGJOB_BIG_2]同步MDM店铺失败[店铺编码: 2270541], 失败原因:店铺上级店铺不存在, 上级店铺MDM编码[DPG472002]
2022-01-26 23:05:12 INFO [con.out-Thread 78] [2022-01-26 23:05:12,673 ERROR BGJOB_BIG_2]同步MDM店铺失败[店铺编码: 1290102], 失败原因:店铺上级店铺不存在, 上级店铺MDM编码[DPG951008]
2022-01-26 23:05:12 INFO [con.out-Thread 78] [2022-01-26 23:05:12,681 ERROR BGJOB_BIG_2]同步MDM店铺失败[店铺编码: 3010202], 失败原因:店铺上级店铺不存在, 上级店铺MDM编码[DPK575008]
2022-01-26 23:05:12 INFO [con.out-Thread 78] [2022-01-26 23:05:12,690 ERROR BGJOB_BIG_2]同步MDM店铺失败[店铺编码: X010411], 失败原因:店铺上级店铺不存在, 上级店铺MDM编码[DPG579027]
2022-01-26 23:05:12 INFO [con.out-Thread 78] [2022-01-26 23:05:12,700 ERROR BGJOB_BIG_2]同步MDM店铺失败[店铺编码: 7010211], 失败原因:店铺上级店铺不存在, 上级店铺MDM编码[DPY574009]
2022-01-26 23:05:12 INFO [con.out-Thread 78] [2022-01-26 23:05:12,710 ERROR BGJOB_BIG_2]同步MDM店铺失败[店铺编码: 3100317], 失败原因:店铺上级店铺不存在, 上级店铺MDM编码[DPK555001]
2022-01-26 23:05:12 INFO [con.out-Thread 78] [2022-01-26 23:05:12,718 ERROR BGJOB_BIG_2]同步MDM店铺失败[店铺编码: 4052203], 失败原因:店铺上级店铺不存在, 上级店铺MDM编码[DPK513008]
2022-01-26 23:05:12 INFO [con.out-Thread 78] [2022-01-26 23:05:12,728 ERROR BGJOB_BIG_2]同步MDM店铺失败[店铺编码: X150101], 失败原因:店铺上级店铺不存在, 上级店铺MDM编码[DPG429001]
2022-01-26 23:05:12 INFO [con.out-Thread 78] [2022-01-26 23:05:12,740 ERROR BGJOB_BIG_2]同步MDM店铺失败[店铺编码: 5020205], 失败原因:店铺上级店铺不存在, 上级店铺MDM编码[DPJ795006]
2022-01-26 23:05:12 INFO [con.out-Thread 78] [2022-01-26 23:05:12,751 ERROR BGJOB_BIG_2]同步MDM店铺失败[店铺编码: 1010705], 失败原因:店铺上级店铺不存在, 上级店铺MDM编码[DPG572017]
2022-01-26 23:05:12 INFO [con.out-Thread 78] [2022-01-26 23:05:12,761 ERROR BGJOB_BIG_2]同步MDM店铺失败[店铺编码: 2245603], 失败原因:店铺上级店铺不存在, 上级店铺MDM编码[DPG533001]
2022-01-26 23:05:12 INFO [con.out-Thread 78] [2022-01-26 23:05:12,771 ERROR BGJOB_BIG_2]同步MDM店铺失败[店铺编码: X050911], 失败原因:店铺上级店铺不存在, 上级店铺MDM编码[DPG510001]
2022-01-26 23:05:12 INFO [con.out-Thread 78] [2022-01-26 23:05:12,780 ERROR BGJOB_BIG_2]同步MDM店铺失败[店铺编码: 2015602], 失败原因:店铺上级店铺不存在, 上级店铺MDM编码[DPG579014]
2022-01-26 23:05:12 INFO [con.out-Thread 78] [2022-01-26 23:05:12,789 ERROR BGJOB_BIG_2]同步MDM店铺失败[店铺编码: 2015703], 失败原因:店铺上级店铺不存在, 上级店铺MDM编码[DPG579013]
2022-01-26 23:05:12 INFO [con.out-Thread 78] [2022-01-26 23:05:12,798 ERROR BGJOB_BIG_2]同步MDM店铺失败[店铺编码: 5010202], 失败原因:店铺上级店铺不存在, 上级店铺MDM编码[DPJ575006]
2022-01-26 23:05:12 INFO [con.out-Thread 78] [2022-01-26 23:05:12,806 ERROR BGJOB_BIG_2]同步MDM店铺失败[店铺编码: 1080152], 失败原因:店铺上级店铺不存在, 上级店铺MDM编码[DPG731013]
2022-01-26 23:05:12 INFO [con.out-Thread 78] [2022-01-26 23:05:12,816 ERROR BGJOB_BIG_2]同步MDM店铺失败[店铺编码: 5010201], 失败原因:店铺上级店铺不存在, 上级店铺MDM编码[DPJ575005]
2022-01-26 23:05:12 INFO [con.out-Thread 78] [2022-01-26 23:05:12,825 ERROR BGJOB_BIG_2]同步MDM店铺失败[店铺编码: 2015701], 失败原因:店铺上级店铺不存在, 上级店铺MDM编码[DPG579011]
2022-01-26 23:05:12 INFO [con.out-Thread 78] [2022-01-26 23:05:12,835 ERROR BGJOB_BIG_2]同步MDM店铺失败[店铺编码: 2100272], 失败原因:店铺上级店铺不存在, 上级店铺MDM编码[DPG554002]
2022-01-26 23:05:12 INFO [con.out-Thread 78] [2022-01-26 23:05:12,846 ERROR BGJOB_BIG_2]同步MDM店铺失败[店铺编码: 5060162], 失败原因:店铺上级店铺不存在, 上级店铺MDM编码[DPJ027012]
2022-01-26 23:05:12 INFO [con.out-Thread 78] [2022-01-26 23:05:12,857 ERROR BGJOB_BIG_2]同步MDM店铺失败[店铺编码: 2063028], 失败原因:店铺上级店铺不存在, 上级店铺MDM编码[DPG731019]
2022-01-26 23:05:12 INFO [con.out-Thread 78] [2022-01-26 23:05:12,865 ERROR BGJOB_BIG_2]同步MDM店铺失败[店铺编码: X050106], 失败原因:店铺上级店铺不存在, 上级店铺MDM编码[DPG510009]
2022-01-26 23:05:12 INFO [con.out-Thread 78] [2022-01-26 23:05:12,874 ERROR BGJOB_BIG_2]同步MDM店铺失败[店铺编码: 1080127], 失败原因:店铺上级店铺不存在, 上级店铺MDM编码[DPG731018]
2022-01-26 23:05:12 INFO [con.out-Thread 78] [2022-01-26 23:05:12,882 ERROR BGJOB_BIG_2]同步MDM店铺失败[店铺编码: 5020223], 失败原因:店铺上级店铺不存在, 上级店铺MDM编码[DPJ791001]
2022-01-26 23:05:12 INFO [con.out-Thread 78] [2022-01-26 23:05:12,891 ERROR BGJOB_BIG_2]同步MDM店铺失败[店铺编码: 2016101], 失败原因:店铺上级店铺不存在, 上级店铺MDM编码[DPG579019]
2022-01-26 23:05:12 INFO [con.out-Thread 78] [2022-01-26 23:05:12,902 ERROR BGJOB_BIG_2]同步MDM店铺失败[店铺编码: 3160128], 失败原因:店铺上级店铺不存在, 上级店铺MDM编码[DPK027004]
2022-01-26 23:05:12 INFO [con.out-Thread 78] [2022-01-26 23:05:12,911 ERROR BGJOB_BIG_2]同步MDM店铺失败[店铺编码: 6020507], 失败原因:店铺上级店铺不存在, 上级店铺MDM编码[DPJ796001]
2022-01-26 23:05:12 INFO [con.out-Thread 78] [2022-01-26 23:05:12,921 ERROR BGJOB_BIG_2]同步MDM店铺失败[店铺编码: 5020215], 失败原因:店铺上级店铺不存在, 上级店铺MDM编码[DPJ791008]
2022-01-26 23:05:12 INFO [con.out-Thread 78] [2022-01-26 23:05:12,932 ERROR BGJOB_BIG_2]同步MDM店铺失败[店铺编码: 3160113], 失败原因:店铺上级店铺不存在, 上级店铺MDM编码[DPK027002]
2022-01-26 23:05:12 INFO [con.out-Thread 78] [2022-01-26 23:05:12,943 ERROR BGJOB_BIG_2]同步MDM店铺失败[店铺编码: 2015503], 失败原因:店铺上级店铺不存在, 上级店铺MDM编码[DPG579016]
2022-01-26 23:05:12 INFO [con.out-Thread 78] [2022-01-26 23:05:12,953 ERROR BGJOB_BIG_2]同步MDM店铺失败[店铺编码: 2015601], 失败原因:店铺上级店铺不存在, 上级店铺MDM编码[DPG579015]
2022-01-26 23:05:12 INFO [con.out-Thread 78] [2022-01-26 23:05:12,964 ERROR BGJOB_BIG_2]同步MDM店铺失败[店铺编码: 4012401], 失败原因:店铺上级店铺不存在, 上级店铺MDM编码[DPK571014]
2022-01-26 23:05:12 INFO [con.out-Thread 78] [2022-01-26 23:05:12,975 ERROR BGJOB_BIG_2]同步MDM店铺失败[店铺编码: 5050150], 失败原因:店铺上级店铺不存在, 上级店铺MDM编码[DPJ515006]
2022-01-26 23:05:13 INFO [con.out-Thread 78] [2022-01-26 23:05:13,044 ERROR BGJOB_BIG_2]同步MDM店铺失败[店铺编码: 5050148], 失败原因:店铺上级店铺不存在, 上级店铺MDM编码[DPJ515003]
2022-01-26 23:05:13 INFO [con.out-Thread 78] [2022-01-26 23:05:13,056 ERROR BGJOB_BIG_2]同步MDM店铺失败[店铺编码: 2112303], 失败原因:店铺上级店铺不存在, 上级店铺MDM编码[DPG591009]
2022-01-26 23:05:13 INFO [con.out-Thread 78] [2022-01-26 23:05:13,065 ERROR BGJOB_BIG_2]同步MDM店铺失败[店铺编码: 6013603], 失败原因:店铺上级店铺不存在, 上级店铺MDM编码[DPJ575011]
2022-01-26 23:05:13 INFO [con.out-Thread 78] [2022-01-26 23:05:13,073 ERROR BGJOB_BIG_2]同步MDM店铺失败[店铺编码: 4171002], 失败原因:店铺上级店铺不存在, 上级店铺MDM编码[DPK537003]
2022-01-26 23:05:13 INFO [con.out-Thread 78] [2022-01-26 23:05:13,083 ERROR BGJOB_BIG_2]同步MDM店铺失败[店铺编码: 2024703], 失败原因:店铺上级店铺不存在, 上级店铺MDM编码[DPG793004]
2022-01-26 23:05:13 INFO [con.out-Thread 78] [2022-01-26 23:05:13,094 ERROR BGJOB_BIG_2]同步MDM店铺失败[店铺编码: 6013601], 失败原因:店铺上级店铺不存在, 上级店铺MDM编码[DPJ575013]
2022-01-26 23:05:13 INFO [con.out-Thread 78] [2022-01-26 23:05:13,104 ERROR BGJOB_BIG_2]同步MDM店铺失败[店铺编码: 2021303], 失败原因:店铺上级店铺不存在, 上级店铺MDM编码[DPG793002]
2022-01-26 23:05:13 INFO [con.out-Thread 78] [2022-01-26 23:05:13,105 ERROR BGJOB_BIG_2]sync mdm store to eas done. total count: 4004, success count: 3621 
